This file contains any messages produced by compilers while
running configure, to aid debugging if configure makes a mistake.

It was created by icecc configure 1.1rc3, which was
generated by GNU Autoconf 2.69.  Invocation command line was

  $ ./configure 

## --------- ##
## Platform. ##
## --------- ##

hostname = linux-HP-72
uname -m = x86_64
uname -r = 4.4.0-96-generic
uname -s = Linux
uname -v = #119-Ubuntu SMP Tue Sep 12 14:59:54 UTC 2017

/usr/bin/uname -p = unknown
/bin/uname -X     = unknown

/bin/arch              = unknown
/usr/bin/arch -k       = unknown
/usr/convex/getsysinfo = unknown
/usr/bin/hostinfo      = unknown
/bin/machine           = unknown
/usr/bin/oslevel       = unknown
/bin/universe          = unknown

PATH: /home/linux/perl5/bin
PATH: /usr/local/sbin
PATH: /usr/local/bin
PATH: /usr/sbin
PATH: /usr/bin
PATH: /sbin
PATH: /bin
PATH: /usr/games
PATH: /usr/local/games
PATH: /snap/bin


## ----------- ##
## Core tests. ##
## ----------- ##

configure:2686: checking for a BSD-compatible install
configure:2754: result: /usr/bin/install -c
configure:2765: checking whether build environment is sane
configure:2820: result: yes
configure:2971: checking for a thread-safe mkdir -p
configure:3010: result: /bin/mkdir -p
configure:3017: checking for gawk
configure:3047: result: no
configure:3017: checking for mawk
configure:3033: found /usr/bin/mawk
configure:3044: result: mawk
configure:3055: checking whether make sets $(MAKE)
configure:3077: result: yes
configure:3106: checking whether make supports nested variables
configure:3123: result: yes
configure:3260: checking whether make supports nested variables
configure:3277: result: yes
configure:3346: checking for gcc
configure:3362: found /usr/bin/gcc
configure:3373: result: gcc
configure:3602: checking for C compiler version
configure:3611: gcc --version >&5
gcc (Ubuntu 5.4.0-6ubuntu1~16.04.4) 5.4.0 20160609
Copyright (C) 2015 Free Software Foundation, Inc.
This is free software; see the source for copying conditions.  There is NO
warranty; not even for MERCHANTABILITY or FITNESS FOR A PARTICULAR PURPOSE.

configure:3622: $? = 0
configure:3611: gcc -v >&5
Using built-in specs.
COLLECT_GCC=gcc
COLLECT_LTO_WRAPPER=/usr/lib/gcc/x86_64-linux-gnu/5/lto-wrapper
Target: x86_64-linux-gnu
Configured with: ../src/configure -v --with-pkgversion='Ubuntu 5.4.0-6ubuntu1~16.04.4' --with-bugurl=file:///usr/share/doc/gcc-5/README.Bugs --enable-languages=c,ada,c++,java,go,d,fortran,objc,obj-c++ --prefix=/usr --program-suffix=-5 --enable-shared --enable-linker-build-id --libexecdir=/usr/lib --without-included-gettext --enable-threads=posix --libdir=/usr/lib --enable-nls --with-sysroot=/ --enable-clocale=gnu --enable-libstdcxx-debug --enable-libstdcxx-time=yes --with-default-libstdcxx-abi=new --enable-gnu-unique-object --disable-vtable-verify --enable-libmpx --enable-plugin --with-system-zlib --disable-browser-plugin --enable-java-awt=gtk --enable-gtk-cairo --with-java-home=/usr/lib/jvm/java-1.5.0-gcj-5-amd64/jre --enable-java-home --with-jvm-root-dir=/usr/lib/jvm/java-1.5.0-gcj-5-amd64 --with-jvm-jar-dir=/usr/lib/jvm-exports/java-1.5.0-gcj-5-amd64 --with-arch-directory=amd64 --with-ecj-jar=/usr/share/java/eclipse-ecj.jar --enable-objc-gc --enable-multiarch --disable-werror --with-arch-32=i686 --with-abi=m64 --with-multilib-list=m32,m64,mx32 --enable-multilib --with-tune=generic --enable-checking=release --build=x86_64-linux-gnu --host=x86_64-linux-gnu --target=x86_64-linux-gnu
Thread model: posix
gcc version 5.4.0 20160609 (Ubuntu 5.4.0-6ubuntu1~16.04.4) 
configure:3622: $? = 0
configure:3611: gcc -V >&5
gcc: error: unrecognized command line option '-V'
gcc: fatal error: no input files
compilation terminated.
configure:3622: $? = 1
configure:3611: gcc -qversion >&5
gcc: error: unrecognized command line option '-qversion'
gcc: fatal error: no input files
compilation terminated.
configure:3622: $? = 1
configure:3642: checking whether the C compiler works
configure:3664: gcc    conftest.c  >&5
configure:3668: $? = 0
configure:3716: result: yes
configure:3719: checking for C compiler default output file name
configure:3721: result: a.out
configure:3727: checking for suffix of executables
configure:3734: gcc -o conftest    conftest.c  >&5
configure:3738: $? = 0
configure:3760: result: 
configure:3782: checking whether we are cross compiling
configure:3790: gcc -o conftest    conftest.c  >&5
configure:3794: $? = 0
configure:3801: ./conftest
configure:3805: $? = 0
configure:3820: result: no
configure:3825: checking for suffix of object files
configure:3847: gcc -c   conftest.c >&5
configure:3851: $? = 0
configure:3872: result: o
configure:3876: checking whether we are using the GNU C compiler
configure:3895: gcc -c   conftest.c >&5
configure:3895: $? = 0
configure:3904: result: yes
configure:3913: checking whether gcc accepts -g
configure:3933: gcc -c -g  conftest.c >&5
configure:3933: $? = 0
configure:3974: result: yes
configure:3991: checking for gcc option to accept ISO C89
configure:4054: gcc  -c -g -O2  conftest.c >&5
configure:4054: $? = 0
configure:4067: result: none needed
configure:4092: checking whether gcc understands -c and -o together
configure:4114: gcc -c conftest.c -o conftest2.o
configure:4117: $? = 0
configure:4114: gcc -c conftest.c -o conftest2.o
configure:4117: $? = 0
configure:4129: result: yes
configure:4157: checking for style of include used by make
configure:4185: result: GNU
configure:4211: checking dependency style of gcc
configure:4322: result: gcc3
configure:4395: checking for g++
configure:4411: found /usr/bin/g++
configure:4422: result: g++
configure:4449: checking for C++ compiler version
configure:4458: g++ --version >&5
g++ (Ubuntu 5.4.0-6ubuntu1~16.04.4) 5.4.0 20160609
Copyright (C) 2015 Free Software Foundation, Inc.
This is free software; see the source for copying conditions.  There is NO
warranty; not even for MERCHANTABILITY or FITNESS FOR A PARTICULAR PURPOSE.

configure:4469: $? = 0
configure:4458: g++ -v >&5
Using built-in specs.
COLLECT_GCC=g++
COLLECT_LTO_WRAPPER=/usr/lib/gcc/x86_64-linux-gnu/5/lto-wrapper
Target: x86_64-linux-gnu
Configured with: ../src/configure -v --with-pkgversion='Ubuntu 5.4.0-6ubuntu1~16.04.4' --with-bugurl=file:///usr/share/doc/gcc-5/README.Bugs --enable-languages=c,ada,c++,java,go,d,fortran,objc,obj-c++ --prefix=/usr --program-suffix=-5 --enable-shared --enable-linker-build-id --libexecdir=/usr/lib --without-included-gettext --enable-threads=posix --libdir=/usr/lib --enable-nls --with-sysroot=/ --enable-clocale=gnu --enable-libstdcxx-debug --enable-libstdcxx-time=yes --with-default-libstdcxx-abi=new --enable-gnu-unique-object --disable-vtable-verify --enable-libmpx --enable-plugin --with-system-zlib --disable-browser-plugin --enable-java-awt=gtk --enable-gtk-cairo --with-java-home=/usr/lib/jvm/java-1.5.0-gcj-5-amd64/jre --enable-java-home --with-jvm-root-dir=/usr/lib/jvm/java-1.5.0-gcj-5-amd64 --with-jvm-jar-dir=/usr/lib/jvm-exports/java-1.5.0-gcj-5-amd64 --with-arch-directory=amd64 --with-ecj-jar=/usr/share/java/eclipse-ecj.jar --enable-objc-gc --enable-multiarch --disable-werror --with-arch-32=i686 --with-abi=m64 --with-multilib-list=m32,m64,mx32 --enable-multilib --with-tune=generic --enable-checking=release --build=x86_64-linux-gnu --host=x86_64-linux-gnu --target=x86_64-linux-gnu
Thread model: posix
gcc version 5.4.0 20160609 (Ubuntu 5.4.0-6ubuntu1~16.04.4) 
configure:4469: $? = 0
configure:4458: g++ -V >&5
g++: error: unrecognized command line option '-V'
g++: fatal error: no input files
compilation terminated.
configure:4469: $? = 1
configure:4458: g++ -qversion >&5
g++: error: unrecognized command line option '-qversion'
g++: fatal error: no input files
compilation terminated.
configure:4469: $? = 1
configure:4473: checking whether we are using the GNU C++ compiler
configure:4492: g++ -c   conftest.cpp >&5
configure:4492: $? = 0
configure:4501: result: yes
configure:4510: checking whether g++ accepts -g
configure:4530: g++ -c -g  conftest.cpp >&5
configure:4530: $? = 0
configure:4571: result: yes
configure:4596: checking dependency style of g++
configure:4707: result: gcc3
configure:4725: checking if GCC is actually Clang
configure:4745: g++ -c -g -O2  conftest.cpp >&5
conftest.cpp: In function 'int main()':
conftest.cpp:19:13: error: 'fail' was not declared in this scope
             fail
             ^
configure:4745: $? = 1
configure: failed program was:
| /* confdefs.h */
| #define PACKAGE_NAME "icecc"
| #define PACKAGE_TARNAME "icecc"
| #define PACKAGE_VERSION "1.1rc3"
| #define PACKAGE_STRING "icecc 1.1rc3"
| #define PACKAGE_BUGREPORT ""
| #define PACKAGE_URL ""
| #define PACKAGE "icecc"
| #define VERSION "1.1rc3"
| /* end confdefs.h.  */
| 
| int
| main ()
| {
| 
|             #ifdef __clang__
|             return 0;
|             #else
|             fail
|             #endif
| 
|   ;
|   return 0;
| }
configure:4758: result: no
configure:4767: Adding gcc options: -g -W -Wall -Wshadow -Wpointer-arith -Wcast-align -Wwrite-strings -Waggregate-return -Wstrict-prototypes -Wmissing-prototypes -Wnested-externs -g -O2
configure:4771: checking whether make sets $(MAKE)
configure:4793: result: yes
configure:4803: checking for inline
configure:4819: g++ -c  -g -W -Wall -Wpointer-arith -Wcast-align  -Wwrite-strings -g -O2  conftest.cpp >&5
configure:4819: $? = 0
configure:4827: result: inline
configure:4936: checking build system type
configure:4950: result: x86_64-pc-linux-gnu
configure:4970: checking host system type
configure:4983: result: x86_64-pc-linux-gnu
configure:5024: checking how to print strings
configure:5051: result: printf
configure:5072: checking for a sed that does not truncate output
configure:5136: result: /bin/sed
configure:5154: checking for grep that handles long lines and -e
configure:5212: result: /bin/grep
configure:5217: checking for egrep
configure:5279: result: /bin/grep -E
configure:5284: checking for fgrep
configure:5346: result: /bin/grep -F
configure:5381: checking for ld used by gcc
configure:5448: result: /usr/bin/ld
configure:5455: checking if the linker (/usr/bin/ld) is GNU ld
configure:5470: result: yes
configure:5482: checking for BSD- or MS-compatible name lister (nm)
configure:5536: result: /usr/bin/nm -B
configure:5666: checking the name lister (/usr/bin/nm -B) interface
configure:5673: g++ -c  -g -W -Wall -Wpointer-arith -Wcast-align  -Wwrite-strings -g -O2  conftest.cpp >&5
configure:5676: /usr/bin/nm -B "conftest.o"
configure:5679: output
0000000000000000 B some_variable
configure:5686: result: BSD nm
configure:5689: checking whether ln -s works
configure:5693: result: yes
configure:5701: checking the maximum length of command line arguments
configure:5832: result: 1572864
configure:5880: checking how to convert x86_64-pc-linux-gnu file names to x86_64-pc-linux-gnu format
configure:5920: result: func_convert_file_noop
configure:5927: checking how to convert x86_64-pc-linux-gnu file names to toolchain format
configure:5947: result: func_convert_file_noop
configure:5954: checking for /usr/bin/ld option to reload object files
configure:5961: result: -r
configure:6035: checking for objdump
configure:6051: found /usr/bin/objdump
configure:6062: result: objdump
configure:6094: checking how to recognize dependent libraries
configure:6294: result: pass_all
configure:6379: checking for dlltool
configure:6409: result: no
configure:6439: checking how to associate runtime and link libraries
configure:6466: result: printf %s\n
configure:6526: checking for ar
configure:6542: found /usr/bin/ar
configure:6553: result: ar
configure:6590: checking for archiver @FILE support
configure:6607: g++ -c  -g -W -Wall -Wpointer-arith -Wcast-align  -Wwrite-strings -g -O2  conftest.cpp >&5
configure:6607: $? = 0
configure:6610: ar cru libconftest.a @conftest.lst >&5
ar: `u' modifier ignored since `D' is the default (see `U')
configure:6613: $? = 0
configure:6618: ar cru libconftest.a @conftest.lst >&5
ar: `u' modifier ignored since `D' is the default (see `U')
ar: conftest.o: No such file or directory
configure:6621: $? = 1
configure:6633: result: @
configure:6691: checking for strip
configure:6707: found /usr/bin/strip
configure:6718: result: strip
configure:6790: checking for ranlib
configure:6806: found /usr/bin/ranlib
configure:6817: result: ranlib
configure:6919: checking command to parse /usr/bin/nm -B output from gcc object
configure:7072: g++ -c  -g -W -Wall -Wpointer-arith -Wcast-align  -Wwrite-strings -g -O2  conftest.cpp >&5
configure:7075: $? = 0
configure:7079: /usr/bin/nm -B conftest.o \| sed -n -e 's/^.*[ ]\([ABCDGIRSTW][ABCDGIRSTW]*\)[ ][ ]*\([_A-Za-z][_A-Za-z0-9]*\)$/\1 \2 \2/p' | sed '/ __gnu_lto/d' \> conftest.nm
configure:7082: $? = 0
configure:7148: g++ -o conftest  -g -W -Wall -Wpointer-arith -Wcast-align  -Wwrite-strings -g -O2   conftest.cpp conftstm.o >&5
configure:7151: $? = 0
configure:7189: result: ok
configure:7236: checking for sysroot
configure:7266: result: no
configure:7273: checking for a working dd
configure:7311: result: /bin/dd
configure:7315: checking how to truncate binary pipes
configure:7330: result: /bin/dd bs=4096 count=1
configure:7467: g++ -c  -g -W -Wall -Wpointer-arith -Wcast-align  -Wwrite-strings -g -O2  conftest.cpp >&5
configure:7470: $? = 0
configure:7660: checking for mt
configure:7676: found /bin/mt
configure:7687: result: mt
configure:7710: checking if mt is a manifest tool
configure:7716: mt '-?'
configure:7724: result: no
configure:8401: checking how to run the C preprocessor
configure:8432: gcc -E  conftest.c
configure:8432: $? = 0
configure:8446: gcc -E  conftest.c
conftest.c:11:28: fatal error: ac_nonexistent.h: No such file or directory
compilation terminated.
configure:8446: $? = 1
configure: failed program was:
| /* confdefs.h */
| #define PACKAGE_NAME "icecc"
| #define PACKAGE_TARNAME "icecc"
| #define PACKAGE_VERSION "1.1rc3"
| #define PACKAGE_STRING "icecc 1.1rc3"
| #define PACKAGE_BUGREPORT ""
| #define PACKAGE_URL ""
| #define PACKAGE "icecc"
| #define VERSION "1.1rc3"
| /* end confdefs.h.  */
| #include <ac_nonexistent.h>
configure:8471: result: gcc -E
configure:8491: gcc -E  conftest.c
configure:8491: $? = 0
configure:8505: gcc -E  conftest.c
conftest.c:11:28: fatal error: ac_nonexistent.h: No such file or directory
compilation terminated.
configure:8505: $? = 1
configure: failed program was:
| /* confdefs.h */
| #define PACKAGE_NAME "icecc"
| #define PACKAGE_TARNAME "icecc"
| #define PACKAGE_VERSION "1.1rc3"
| #define PACKAGE_STRING "icecc 1.1rc3"
| #define PACKAGE_BUGREPORT ""
| #define PACKAGE_URL ""
| #define PACKAGE "icecc"
| #define VERSION "1.1rc3"
| /* end confdefs.h.  */
| #include <ac_nonexistent.h>
configure:8534: checking for ANSI C header files
configure:8554: gcc -c -g -W -Wall -Wshadow -Wpointer-arith -Wcast-align -Wwrite-strings -Waggregate-return -Wstrict-prototypes -Wmissing-prototypes -Wnested-externs -g -O2  conftest.c >&5
conftest.c:17:1: warning: function declaration isn't a prototype [-Wstrict-prototypes]
 main ()
 ^
configure:8554: $? = 0
configure:8627: gcc -o conftest -g -W -Wall -Wshadow -Wpointer-arith -Wcast-align -Wwrite-strings -Waggregate-return -Wstrict-prototypes -Wmissing-prototypes -Wnested-externs -g -O2   conftest.c  >&5
conftest.c:23:1: warning: function declaration isn't a prototype [-Wstrict-prototypes]
 main ()
 ^
configure:8627: $? = 0
configure:8627: ./conftest
configure:8627: $? = 0
configure:8638: result: yes
configure:8651: checking for sys/types.h
configure:8651: gcc -c -g -W -Wall -Wshadow -Wpointer-arith -Wcast-align -Wwrite-strings -Waggregate-return -Wstrict-prototypes -Wmissing-prototypes -Wnested-externs -g -O2  conftest.c >&5
configure:8651: $? = 0
configure:8651: result: yes
configure:8651: checking for sys/stat.h
configure:8651: gcc -c -g -W -Wall -Wshadow -Wpointer-arith -Wcast-align -Wwrite-strings -Waggregate-return -Wstrict-prototypes -Wmissing-prototypes -Wnested-externs -g -O2  conftest.c >&5
configure:8651: $? = 0
configure:8651: result: yes
configure:8651: checking for stdlib.h
configure:8651: gcc -c -g -W -Wall -Wshadow -Wpointer-arith -Wcast-align -Wwrite-strings -Waggregate-return -Wstrict-prototypes -Wmissing-prototypes -Wnested-externs -g -O2  conftest.c >&5
configure:8651: $? = 0
configure:8651: result: yes
configure:8651: checking for string.h
configure:8651: gcc -c -g -W -Wall -Wshadow -Wpointer-arith -Wcast-align -Wwrite-strings -Waggregate-return -Wstrict-prototypes -Wmissing-prototypes -Wnested-externs -g -O2  conftest.c >&5
configure:8651: $? = 0
configure:8651: result: yes
configure:8651: checking for memory.h
configure:8651: gcc -c -g -W -Wall -Wshadow -Wpointer-arith -Wcast-align -Wwrite-strings -Waggregate-return -Wstrict-prototypes -Wmissing-prototypes -Wnested-externs -g -O2  conftest.c >&5
configure:8651: $? = 0
configure:8651: result: yes
configure:8651: checking for strings.h
configure:8651: gcc -c -g -W -Wall -Wshadow -Wpointer-arith -Wcast-align -Wwrite-strings -Waggregate-return -Wstrict-prototypes -Wmissing-prototypes -Wnested-externs -g -O2  conftest.c >&5
configure:8651: $? = 0
configure:8651: result: yes
configure:8651: checking for inttypes.h
configure:8651: gcc -c -g -W -Wall -Wshadow -Wpointer-arith -Wcast-align -Wwrite-strings -Waggregate-return -Wstrict-prototypes -Wmissing-prototypes -Wnested-externs -g -O2  conftest.c >&5
configure:8651: $? = 0
configure:8651: result: yes
configure:8651: checking for stdint.h
configure:8651: gcc -c -g -W -Wall -Wshadow -Wpointer-arith -Wcast-align -Wwrite-strings -Waggregate-return -Wstrict-prototypes -Wmissing-prototypes -Wnested-externs -g -O2  conftest.c >&5
configure:8651: $? = 0
configure:8651: result: yes
configure:8651: checking for unistd.h
configure:8651: gcc -c -g -W -Wall -Wshadow -Wpointer-arith -Wcast-align -Wwrite-strings -Waggregate-return -Wstrict-prototypes -Wmissing-prototypes -Wnested-externs -g -O2  conftest.c >&5
configure:8651: $? = 0
configure:8651: result: yes
configure:8665: checking for dlfcn.h
configure:8665: gcc -c -g -W -Wall -Wshadow -Wpointer-arith -Wcast-align -Wwrite-strings -Waggregate-return -Wstrict-prototypes -Wmissing-prototypes -Wnested-externs -g -O2  conftest.c >&5
configure:8665: $? = 0
configure:8665: result: yes
configure:8871: checking for objdir
configure:8886: result: .libs
configure:9150: checking if gcc supports -fno-rtti -fno-exceptions
configure:9168: gcc -c -g -W -Wall -Wshadow -Wpointer-arith -Wcast-align -Wwrite-strings -Waggregate-return -Wstrict-prototypes -Wmissing-prototypes -Wnested-externs -g -O2  -fno-rtti -fno-exceptions conftest.c >&5
cc1: warning: command line option '-fno-rtti' is valid for C++/ObjC++ but not for C
configure:9172: $? = 0
configure:9185: result: no
configure:9543: checking for gcc option to produce PIC
configure:9550: result: -fPIC -DPIC
configure:9558: checking if gcc PIC flag -fPIC -DPIC works
configure:9576: gcc -c -g -W -Wall -Wshadow -Wpointer-arith -Wcast-align -Wwrite-strings -Waggregate-return -Wstrict-prototypes -Wmissing-prototypes -Wnested-externs -g -O2  -fPIC -DPIC -DPIC conftest.c >&5
configure:9580: $? = 0
configure:9593: result: yes
configure:9622: checking if gcc static flag -static works
conftest.c:1:5: warning: function declaration isn't a prototype [-Wstrict-prototypes]
 int main(){return(0);}
     ^
configure:9650: result: yes
configure:9665: checking if gcc supports -c -o file.o
configure:9686: gcc -c -g -W -Wall -Wshadow -Wpointer-arith -Wcast-align -Wwrite-strings -Waggregate-return -Wstrict-prototypes -Wmissing-prototypes -Wnested-externs -g -O2  -o out/conftest2.o conftest.c >&5
configure:9690: $? = 0
configure:9712: result: yes
configure:9720: checking if gcc supports -c -o file.o
configure:9767: result: yes
configure:9800: checking whether the gcc linker (/usr/bin/ld -m elf_x86_64) supports shared libraries
configure:11063: result: yes
configure:11303: checking dynamic linker characteristics
configure:11884: gcc -o conftest -g -W -Wall -Wshadow -Wpointer-arith -Wcast-align -Wwrite-strings -Waggregate-return -Wstrict-prototypes -Wmissing-prototypes -Wnested-externs -g -O2   -Wl,-rpath -Wl,/foo conftest.c  >&5
conftest.c:25:1: warning: function declaration isn't a prototype [-Wstrict-prototypes]
 main ()
 ^
configure:11884: $? = 0
configure:12133: result: GNU/Linux ld.so
configure:12255: checking how to hardcode library paths into programs
configure:12280: result: immediate
configure:12828: checking whether stripping libraries is possible
configure:12833: result: yes
configure:12868: checking if libtool supports shared libraries
configure:12870: result: yes
configure:12873: checking whether to build shared libraries
configure:12898: result: no
configure:12901: checking whether to build static libraries
configure:12905: result: yes
configure:12928: checking how to run the C++ preprocessor
configure:12955: g++ -E  conftest.cpp
configure:12955: $? = 0
configure:12969: g++ -E  conftest.cpp
conftest.cpp:23:28: fatal error: ac_nonexistent.h: No such file or directory
compilation terminated.
configure:12969: $? = 1
configure: failed program was:
| /* confdefs.h */
| #define PACKAGE_NAME "icecc"
| #define PACKAGE_TARNAME "icecc"
| #define PACKAGE_VERSION "1.1rc3"
| #define PACKAGE_STRING "icecc 1.1rc3"
| #define PACKAGE_BUGREPORT ""
| #define PACKAGE_URL ""
| #define PACKAGE "icecc"
| #define VERSION "1.1rc3"
| #define STDC_HEADERS 1
| #define HAVE_SYS_TYPES_H 1
| #define HAVE_SYS_STAT_H 1
| #define HAVE_STDLIB_H 1
| #define HAVE_STRING_H 1
| #define HAVE_MEMORY_H 1
| #define HAVE_STRINGS_H 1
| #define HAVE_INTTYPES_H 1
| #define HAVE_STDINT_H 1
| #define HAVE_UNISTD_H 1
| #define HAVE_DLFCN_H 1
| #define LT_OBJDIR ".libs/"
| /* end confdefs.h.  */
| #include <ac_nonexistent.h>
configure:12994: result: g++ -E
configure:13014: g++ -E  conftest.cpp
configure:13014: $? = 0
configure:13028: g++ -E  conftest.cpp
conftest.cpp:23:28: fatal error: ac_nonexistent.h: No such file or directory
compilation terminated.
configure:13028: $? = 1
configure: failed program was:
| /* confdefs.h */
| #define PACKAGE_NAME "icecc"
| #define PACKAGE_TARNAME "icecc"
| #define PACKAGE_VERSION "1.1rc3"
| #define PACKAGE_STRING "icecc 1.1rc3"
| #define PACKAGE_BUGREPORT ""
| #define PACKAGE_URL ""
| #define PACKAGE "icecc"
| #define VERSION "1.1rc3"
| #define STDC_HEADERS 1
| #define HAVE_SYS_TYPES_H 1
| #define HAVE_SYS_STAT_H 1
| #define HAVE_STDLIB_H 1
| #define HAVE_STRING_H 1
| #define HAVE_MEMORY_H 1
| #define HAVE_STRINGS_H 1
| #define HAVE_INTTYPES_H 1
| #define HAVE_STDINT_H 1
| #define HAVE_UNISTD_H 1
| #define HAVE_DLFCN_H 1
| #define LT_OBJDIR ".libs/"
| /* end confdefs.h.  */
| #include <ac_nonexistent.h>
configure:13190: checking for ld used by g++
configure:13257: result: /usr/bin/ld -m elf_x86_64
configure:13264: checking if the linker (/usr/bin/ld -m elf_x86_64) is GNU ld
configure:13279: result: yes
configure:13334: checking whether the g++ linker (/usr/bin/ld -m elf_x86_64) supports shared libraries
configure:14407: result: yes
configure:14443: g++ -c  -g -W -Wall -Wpointer-arith -Wcast-align  -Wwrite-strings -g -O2  conftest.cpp >&5
configure:14446: $? = 0
configure:14927: checking for g++ option to produce PIC
configure:14934: result: -fPIC -DPIC
configure:14942: checking if g++ PIC flag -fPIC -DPIC works
configure:14960: g++ -c  -g -W -Wall -Wpointer-arith -Wcast-align  -Wwrite-strings -g -O2  -fPIC -DPIC -DPIC conftest.cpp >&5
configure:14964: $? = 0
configure:14977: result: yes
configure:15000: checking if g++ static flag -static works
configure:15028: result: yes
configure:15040: checking if g++ supports -c -o file.o
configure:15061: g++ -c  -g -W -Wall -Wpointer-arith -Wcast-align  -Wwrite-strings -g -O2  -o out/conftest2.o conftest.cpp >&5
configure:15065: $? = 0
configure:15087: result: yes
configure:15092: checking if g++ supports -c -o file.o
configure:15139: result: yes
configure:15169: checking whether the g++ linker (/usr/bin/ld -m elf_x86_64) supports shared libraries
configure:15212: result: yes
configure:15353: checking dynamic linker characteristics
configure:16110: result: GNU/Linux ld.so
configure:16175: checking how to hardcode library paths into programs
configure:16200: result: immediate
configure:16286: checking cap-ng.h usability
configure:16286: g++ -c  -g -W -Wall -Wpointer-arith -Wcast-align  -Wwrite-strings -g -O2  conftest.cpp >&5
configure:16286: $? = 0
configure:16286: result: yes
configure:16286: checking cap-ng.h presence
configure:16286: g++ -E  conftest.cpp
configure:16286: $? = 0
configure:16286: result: yes
configure:16286: checking for cap-ng.h
configure:16286: result: yes
configure:16296: checking for capng_clear in -lcap-ng
configure:16321: g++ -o conftest  -g -W -Wall -Wpointer-arith -Wcast-align  -Wwrite-strings -g -O2   conftest.cpp -lcap-ng   >&5
configure:16321: $? = 0
configure:16330: result: yes
configure:16349: checking whether to use libcap-ng
configure:16355: result: yes
configure:16382: checking for docbook2x-man
configure:16415: result: no
configure:16382: checking for db2x_docbook2man
configure:16415: result: no
configure:16382: checking for docbook-to-man
configure:16415: result: no
configure:16382: checking for docbook2man.pl
configure:16415: result: no
configure:16382: checking for docbook2man
configure:16415: result: no
configure:16425: WARNING: docbook2x is missing. Install docbook2x package.
configure:16451: checking for unistd.h
configure:16451: result: yes
configure:16451: checking for stdint.h
configure:16451: result: yes
configure:16451: checking signal.h usability
configure:16451: g++ -c  -g -W -Wall -Wpointer-arith -Wcast-align  -Wwrite-strings -g -O2  conftest.cpp >&5
configure:16451: $? = 0
configure:16451: result: yes
configure:16451: checking signal.h presence
configure:16451: g++ -E  conftest.cpp
configure:16451: $? = 0
configure:16451: result: yes
configure:16451: checking for signal.h
configure:16451: result: yes
configure:16451: checking for sys/types.h
configure:16451: result: yes
configure:16451: checking sys/signal.h usability
configure:16451: g++ -c  -g -W -Wall -Wpointer-arith -Wcast-align  -Wwrite-strings -g -O2  conftest.cpp >&5
configure:16451: $? = 0
configure:16451: result: yes
configure:16451: checking sys/signal.h presence
configure:16451: g++ -E  conftest.cpp
configure:16451: $? = 0
configure:16451: result: yes
configure:16451: checking for sys/signal.h
configure:16451: result: yes
configure:16451: checking ifaddrs.h usability
configure:16451: g++ -c  -g -W -Wall -Wpointer-arith -Wcast-align  -Wwrite-strings -g -O2  conftest.cpp >&5
configure:16451: $? = 0
configure:16451: result: yes
configure:16451: checking ifaddrs.h presence
configure:16451: g++ -E  conftest.cpp
configure:16451: $? = 0
configure:16451: result: yes
configure:16451: checking for ifaddrs.h
configure:16451: result: yes
configure:16451: checking kinfo.h usability
configure:16451: g++ -c  -g -W -Wall -Wpointer-arith -Wcast-align  -Wwrite-strings -g -O2  conftest.cpp >&5
conftest.cpp:63:19: fatal error: kinfo.h: No such file or directory
compilation terminated.
configure:16451: $? = 1
configure: failed program was:
| /* confdefs.h */
| #define PACKAGE_NAME "icecc"
| #define PACKAGE_TARNAME "icecc"
| #define PACKAGE_VERSION "1.1rc3"
| #define PACKAGE_STRING "icecc 1.1rc3"
| #define PACKAGE_BUGREPORT ""
| #define PACKAGE_URL ""
| #define PACKAGE "icecc"
| #define VERSION "1.1rc3"
| #define STDC_HEADERS 1
| #define HAVE_SYS_TYPES_H 1
| #define HAVE_SYS_STAT_H 1
| #define HAVE_STDLIB_H 1
| #define HAVE_STRING_H 1
| #define HAVE_MEMORY_H 1
| #define HAVE_STRINGS_H 1
| #define HAVE_INTTYPES_H 1
| #define HAVE_STDINT_H 1
| #define HAVE_UNISTD_H 1
| #define HAVE_DLFCN_H 1
| #define LT_OBJDIR ".libs/"
| #define HAVE_LIBCAP_NG 1
| #define HAVE_UNISTD_H 1
| #define HAVE_STDINT_H 1
| #define HAVE_SIGNAL_H 1
| #define HAVE_SYS_TYPES_H 1
| #define HAVE_SYS_SIGNAL_H 1
| #define HAVE_IFADDRS_H 1
| /* end confdefs.h.  */
| #include <stdio.h>
| #ifdef HAVE_SYS_TYPES_H
| # include <sys/types.h>
| #endif
| #ifdef HAVE_SYS_STAT_H
| # include <sys/stat.h>
| #endif
| #ifdef STDC_HEADERS
| # include <stdlib.h>
| # include <stddef.h>
| #else
| # ifdef HAVE_STDLIB_H
| #  include <stdlib.h>
| # endif
| #endif
| #ifdef HAVE_STRING_H
| # if !defined STDC_HEADERS && defined HAVE_MEMORY_H
| #  include <memory.h>
| # endif
| # include <string.h>
| #endif
| #ifdef HAVE_STRINGS_H
| # include <strings.h>
| #endif
| #ifdef HAVE_INTTYPES_H
| # include <inttypes.h>
| #endif
| #ifdef HAVE_STDINT_H
| # include <stdint.h>
| #endif
| #ifdef HAVE_UNISTD_H
| # include <unistd.h>
| #endif
| #include <kinfo.h>
configure:16451: result: no
configure:16451: checking kinfo.h presence
configure:16451: g++ -E  conftest.cpp
conftest.cpp:30:19: fatal error: kinfo.h: No such file or directory
compilation terminated.
configure:16451: $? = 1
configure: failed program was:
| /* confdefs.h */
| #define PACKAGE_NAME "icecc"
| #define PACKAGE_TARNAME "icecc"
| #define PACKAGE_VERSION "1.1rc3"
| #define PACKAGE_STRING "icecc 1.1rc3"
| #define PACKAGE_BUGREPORT ""
| #define PACKAGE_URL ""
| #define PACKAGE "icecc"
| #define VERSION "1.1rc3"
| #define STDC_HEADERS 1
| #define HAVE_SYS_TYPES_H 1
| #define HAVE_SYS_STAT_H 1
| #define HAVE_STDLIB_H 1
| #define HAVE_STRING_H 1
| #define HAVE_MEMORY_H 1
| #define HAVE_STRINGS_H 1
| #define HAVE_INTTYPES_H 1
| #define HAVE_STDINT_H 1
| #define HAVE_UNISTD_H 1
| #define HAVE_DLFCN_H 1
| #define LT_OBJDIR ".libs/"
| #define HAVE_LIBCAP_NG 1
| #define HAVE_UNISTD_H 1
| #define HAVE_STDINT_H 1
| #define HAVE_SIGNAL_H 1
| #define HAVE_SYS_TYPES_H 1
| #define HAVE_SYS_SIGNAL_H 1
| #define HAVE_IFADDRS_H 1
| /* end confdefs.h.  */
| #include <kinfo.h>
configure:16451: result: no
configure:16451: checking for kinfo.h
configure:16451: result: no
configure:16451: checking sys/param.h usability
configure:16451: g++ -c  -g -W -Wall -Wpointer-arith -Wcast-align  -Wwrite-strings -g -O2  conftest.cpp >&5
configure:16451: $? = 0
configure:16451: result: yes
configure:16451: checking sys/param.h presence
configure:16451: g++ -E  conftest.cpp
configure:16451: $? = 0
configure:16451: result: yes
configure:16451: checking for sys/param.h
configure:16451: result: yes
configure:16451: checking devstat.h usability
configure:16451: g++ -c  -g -W -Wall -Wpointer-arith -Wcast-align  -Wwrite-strings -g -O2  conftest.cpp >&5
conftest.cpp:64:21: fatal error: devstat.h: No such file or directory
compilation terminated.
configure:16451: $? = 1
configure: failed program was:
| /* confdefs.h */
| #define PACKAGE_NAME "icecc"
| #define PACKAGE_TARNAME "icecc"
| #define PACKAGE_VERSION "1.1rc3"
| #define PACKAGE_STRING "icecc 1.1rc3"
| #define PACKAGE_BUGREPORT ""
| #define PACKAGE_URL ""
| #define PACKAGE "icecc"
| #define VERSION "1.1rc3"
| #define STDC_HEADERS 1
| #define HAVE_SYS_TYPES_H 1
| #define HAVE_SYS_STAT_H 1
| #define HAVE_STDLIB_H 1
| #define HAVE_STRING_H 1
| #define HAVE_MEMORY_H 1
| #define HAVE_STRINGS_H 1
| #define HAVE_INTTYPES_H 1
| #define HAVE_STDINT_H 1
| #define HAVE_UNISTD_H 1
| #define HAVE_DLFCN_H 1
| #define LT_OBJDIR ".libs/"
| #define HAVE_LIBCAP_NG 1
| #define HAVE_UNISTD_H 1
| #define HAVE_STDINT_H 1
| #define HAVE_SIGNAL_H 1
| #define HAVE_SYS_TYPES_H 1
| #define HAVE_SYS_SIGNAL_H 1
| #define HAVE_IFADDRS_H 1
| #define HAVE_SYS_PARAM_H 1
| /* end confdefs.h.  */
| #include <stdio.h>
| #ifdef HAVE_SYS_TYPES_H
| # include <sys/types.h>
| #endif
| #ifdef HAVE_SYS_STAT_H
| # include <sys/stat.h>
| #endif
| #ifdef STDC_HEADERS
| # include <stdlib.h>
| # include <stddef.h>
| #else
| # ifdef HAVE_STDLIB_H
| #  include <stdlib.h>
| # endif
| #endif
| #ifdef HAVE_STRING_H
| # if !defined STDC_HEADERS && defined HAVE_MEMORY_H
| #  include <memory.h>
| # endif
| # include <string.h>
| #endif
| #ifdef HAVE_STRINGS_H
| # include <strings.h>
| #endif
| #ifdef HAVE_INTTYPES_H
| # include <inttypes.h>
| #endif
| #ifdef HAVE_STDINT_H
| # include <stdint.h>
| #endif
| #ifdef HAVE_UNISTD_H
| # include <unistd.h>
| #endif
| #include <devstat.h>
configure:16451: result: no
configure:16451: checking devstat.h presence
configure:16451: g++ -E  conftest.cpp
conftest.cpp:31:21: fatal error: devstat.h: No such file or directory
compilation terminated.
configure:16451: $? = 1
configure: failed program was:
| /* confdefs.h */
| #define PACKAGE_NAME "icecc"
| #define PACKAGE_TARNAME "icecc"
| #define PACKAGE_VERSION "1.1rc3"
| #define PACKAGE_STRING "icecc 1.1rc3"
| #define PACKAGE_BUGREPORT ""
| #define PACKAGE_URL ""
| #define PACKAGE "icecc"
| #define VERSION "1.1rc3"
| #define STDC_HEADERS 1
| #define HAVE_SYS_TYPES_H 1
| #define HAVE_SYS_STAT_H 1
| #define HAVE_STDLIB_H 1
| #define HAVE_STRING_H 1
| #define HAVE_MEMORY_H 1
| #define HAVE_STRINGS_H 1
| #define HAVE_INTTYPES_H 1
| #define HAVE_STDINT_H 1
| #define HAVE_UNISTD_H 1
| #define HAVE_DLFCN_H 1
| #define LT_OBJDIR ".libs/"
| #define HAVE_LIBCAP_NG 1
| #define HAVE_UNISTD_H 1
| #define HAVE_STDINT_H 1
| #define HAVE_SIGNAL_H 1
| #define HAVE_SYS_TYPES_H 1
| #define HAVE_SYS_SIGNAL_H 1
| #define HAVE_IFADDRS_H 1
| #define HAVE_SYS_PARAM_H 1
| /* end confdefs.h.  */
| #include <devstat.h>
configure:16451: result: no
configure:16451: checking for devstat.h
configure:16451: result: no
configure:16464: checking ctype.h usability
configure:16464: g++ -c  -g -W -Wall -Wpointer-arith -Wcast-align  -Wwrite-strings -g -O2  conftest.cpp >&5
configure:16464: $? = 0
configure:16464: result: yes
configure:16464: checking ctype.h presence
configure:16464: g++ -E  conftest.cpp
configure:16464: $? = 0
configure:16464: result: yes
configure:16464: checking for ctype.h
configure:16464: result: yes
configure:16464: checking sys/resource.h usability
configure:16464: g++ -c  -g -W -Wall -Wpointer-arith -Wcast-align  -Wwrite-strings -g -O2  conftest.cpp >&5
configure:16464: $? = 0
configure:16464: result: yes
configure:16464: checking sys/resource.h presence
configure:16464: g++ -E  conftest.cpp
configure:16464: $? = 0
configure:16464: result: yes
configure:16464: checking for sys/resource.h
configure:16464: result: yes
configure:16464: checking sys/socket.h usability
configure:16464: g++ -c  -g -W -Wall -Wpointer-arith -Wcast-align  -Wwrite-strings -g -O2  conftest.cpp >&5
configure:16464: $? = 0
configure:16464: result: yes
configure:16464: checking sys/socket.h presence
configure:16464: g++ -E  conftest.cpp
configure:16464: $? = 0
configure:16464: result: yes
configure:16464: checking for sys/socket.h
configure:16464: result: yes
configure:16464: checking sys/socketvar.h usability
configure:16464: g++ -c  -g -W -Wall -Wpointer-arith -Wcast-align  -Wwrite-strings -g -O2  conftest.cpp >&5
configure:16464: $? = 0
configure:16464: result: yes
configure:16464: checking sys/socketvar.h presence
configure:16464: g++ -E  conftest.cpp
configure:16464: $? = 0
configure:16464: result: yes
configure:16464: checking for sys/socketvar.h
configure:16464: result: yes
configure:16464: checking for sys/stat.h
configure:16464: result: yes
configure:16464: checking sys/select.h usability
configure:16464: g++ -c  -g -W -Wall -Wpointer-arith -Wcast-align  -Wwrite-strings -g -O2  conftest.cpp >&5
configure:16464: $? = 0
configure:16464: result: yes
configure:16464: checking sys/select.h presence
configure:16464: g++ -E  conftest.cpp
configure:16464: $? = 0
configure:16464: result: yes
configure:16464: checking for sys/select.h
configure:16464: result: yes
configure:16464: checking sys/vfs.h usability
configure:16464: g++ -c  -g -W -Wall -Wpointer-arith -Wcast-align  -Wwrite-strings -g -O2  conftest.cpp >&5
configure:16464: $? = 0
configure:16464: result: yes
configure:16464: checking sys/vfs.h presence
configure:16464: g++ -E  conftest.cpp
configure:16464: $? = 0
configure:16464: result: yes
configure:16464: checking for sys/vfs.h
configure:16464: result: yes
configure:16476: checking mach/host_info.h usability
configure:16476: g++ -c  -g -W -Wall -Wpointer-arith -Wcast-align  -Wwrite-strings -g -O2  conftest.cpp >&5
conftest.cpp:71:28: fatal error: mach/host_info.h: No such file or directory
compilation terminated.
configure:16476: $? = 1
configure: failed program was:
| /* confdefs.h */
| #define PACKAGE_NAME "icecc"
| #define PACKAGE_TARNAME "icecc"
| #define PACKAGE_VERSION "1.1rc3"
| #define PACKAGE_STRING "icecc 1.1rc3"
| #define PACKAGE_BUGREPORT ""
| #define PACKAGE_URL ""
| #define PACKAGE "icecc"
| #define VERSION "1.1rc3"
| #define STDC_HEADERS 1
| #define HAVE_SYS_TYPES_H 1
| #define HAVE_SYS_STAT_H 1
| #define HAVE_STDLIB_H 1
| #define HAVE_STRING_H 1
| #define HAVE_MEMORY_H 1
| #define HAVE_STRINGS_H 1
| #define HAVE_INTTYPES_H 1
| #define HAVE_STDINT_H 1
| #define HAVE_UNISTD_H 1
| #define HAVE_DLFCN_H 1
| #define LT_OBJDIR ".libs/"
| #define HAVE_LIBCAP_NG 1
| #define HAVE_UNISTD_H 1
| #define HAVE_STDINT_H 1
| #define HAVE_SIGNAL_H 1
| #define HAVE_SYS_TYPES_H 1
| #define HAVE_SYS_SIGNAL_H 1
| #define HAVE_IFADDRS_H 1
| #define HAVE_SYS_PARAM_H 1
| #define HAVE_CTYPE_H 1
| #define HAVE_SYS_RESOURCE_H 1
| #define HAVE_SYS_SOCKET_H 1
| #define HAVE_SYS_SOCKETVAR_H 1
| #define HAVE_SYS_STAT_H 1
| #define HAVE_SYS_SELECT_H 1
| #define HAVE_SYS_VFS_H 1
| /* end confdefs.h.  */
| #include <stdio.h>
| #ifdef HAVE_SYS_TYPES_H
| # include <sys/types.h>
| #endif
| #ifdef HAVE_SYS_STAT_H
| # include <sys/stat.h>
| #endif
| #ifdef STDC_HEADERS
| # include <stdlib.h>
| # include <stddef.h>
| #else
| # ifdef HAVE_STDLIB_H
| #  include <stdlib.h>
| # endif
| #endif
| #ifdef HAVE_STRING_H
| # if !defined STDC_HEADERS && defined HAVE_MEMORY_H
| #  include <memory.h>
| # endif
| # include <string.h>
| #endif
| #ifdef HAVE_STRINGS_H
| # include <strings.h>
| #endif
| #ifdef HAVE_INTTYPES_H
| # include <inttypes.h>
| #endif
| #ifdef HAVE_STDINT_H
| # include <stdint.h>
| #endif
| #ifdef HAVE_UNISTD_H
| # include <unistd.h>
| #endif
| #include <mach/host_info.h>
configure:16476: result: no
configure:16476: checking mach/host_info.h presence
configure:16476: g++ -E  conftest.cpp
conftest.cpp:38:28: fatal error: mach/host_info.h: No such file or directory
compilation terminated.
configure:16476: $? = 1
configure: failed program was:
| /* confdefs.h */
| #define PACKAGE_NAME "icecc"
| #define PACKAGE_TARNAME "icecc"
| #define PACKAGE_VERSION "1.1rc3"
| #define PACKAGE_STRING "icecc 1.1rc3"
| #define PACKAGE_BUGREPORT ""
| #define PACKAGE_URL ""
| #define PACKAGE "icecc"
| #define VERSION "1.1rc3"
| #define STDC_HEADERS 1
| #define HAVE_SYS_TYPES_H 1
| #define HAVE_SYS_STAT_H 1
| #define HAVE_STDLIB_H 1
| #define HAVE_STRING_H 1
| #define HAVE_MEMORY_H 1
| #define HAVE_STRINGS_H 1
| #define HAVE_INTTYPES_H 1
| #define HAVE_STDINT_H 1
| #define HAVE_UNISTD_H 1
| #define HAVE_DLFCN_H 1
| #define LT_OBJDIR ".libs/"
| #define HAVE_LIBCAP_NG 1
| #define HAVE_UNISTD_H 1
| #define HAVE_STDINT_H 1
| #define HAVE_SIGNAL_H 1
| #define HAVE_SYS_TYPES_H 1
| #define HAVE_SYS_SIGNAL_H 1
| #define HAVE_IFADDRS_H 1
| #define HAVE_SYS_PARAM_H 1
| #define HAVE_CTYPE_H 1
| #define HAVE_SYS_RESOURCE_H 1
| #define HAVE_SYS_SOCKET_H 1
| #define HAVE_SYS_SOCKETVAR_H 1
| #define HAVE_SYS_STAT_H 1
| #define HAVE_SYS_SELECT_H 1
| #define HAVE_SYS_VFS_H 1
| /* end confdefs.h.  */
| #include <mach/host_info.h>
configure:16476: result: no
configure:16476: checking for mach/host_info.h
configure:16476: result: no
configure:16488: checking for netinet/in.h
configure:16488: g++ -c  -g -W -Wall -Wpointer-arith -Wcast-align  -Wwrite-strings -g -O2  conftest.cpp >&5
configure:16488: $? = 0
configure:16488: result: yes
configure:16504: checking for arpa/nameser.h
configure:16504: g++ -c  -g -W -Wall -Wpointer-arith -Wcast-align  -Wwrite-strings -g -O2  conftest.cpp >&5
configure:16504: $? = 0
configure:16504: result: yes
configure:16520: checking for resolv.h
configure:16520: g++ -c  -g -W -Wall -Wpointer-arith -Wcast-align  -Wwrite-strings -g -O2  conftest.cpp >&5
configure:16520: $? = 0
configure:16520: result: yes
configure:16544: checking for tar
configure:16562: found /bin/tar
configure:16574: result: /bin/tar
configure:16590: checking float.h usability
configure:16590: g++ -c  -g -W -Wall -Wpointer-arith -Wcast-align  -Wwrite-strings -g -O2  conftest.cpp >&5
configure:16590: $? = 0
configure:16590: result: yes
configure:16590: checking float.h presence
configure:16590: g++ -E  conftest.cpp
configure:16590: $? = 0
configure:16590: result: yes
configure:16590: checking for float.h
configure:16590: result: yes
configure:16590: checking mcheck.h usability
configure:16590: g++ -c  -g -W -Wall -Wpointer-arith -Wcast-align  -Wwrite-strings -g -O2  conftest.cpp >&5
configure:16590: $? = 0
configure:16590: result: yes
configure:16590: checking mcheck.h presence
configure:16590: g++ -E  conftest.cpp
configure:16590: $? = 0
configure:16590: result: yes
configure:16590: checking for mcheck.h
configure:16590: result: yes
configure:16590: checking alloca.h usability
configure:16590: g++ -c  -g -W -Wall -Wpointer-arith -Wcast-align  -Wwrite-strings -g -O2  conftest.cpp >&5
configure:16590: $? = 0
configure:16590: result: yes
configure:16590: checking alloca.h presence
configure:16590: g++ -E  conftest.cpp
configure:16590: $? = 0
configure:16590: result: yes
configure:16590: checking for alloca.h
configure:16590: result: yes
configure:16590: checking sys/mman.h usability
configure:16590: g++ -c  -g -W -Wall -Wpointer-arith -Wcast-align  -Wwrite-strings -g -O2  conftest.cpp >&5
configure:16590: $? = 0
configure:16590: result: yes
configure:16590: checking sys/mman.h presence
configure:16590: g++ -E  conftest.cpp
configure:16590: $? = 0
configure:16590: result: yes
configure:16590: checking for sys/mman.h
configure:16590: result: yes
configure:16590: checking netinet/tcp.h usability
configure:16590: g++ -c  -g -W -Wall -Wpointer-arith -Wcast-align  -Wwrite-strings -g -O2  conftest.cpp >&5
configure:16590: $? = 0
configure:16590: result: yes
configure:16590: checking netinet/tcp.h presence
configure:16590: g++ -E  conftest.cpp
configure:16590: $? = 0
configure:16590: result: yes
configure:16590: checking for netinet/tcp.h
configure:16590: result: yes
configure:16602: checking for netinet/tcp_var.h
configure:16602: g++ -c  -g -W -Wall -Wpointer-arith -Wcast-align  -Wwrite-strings -g -O2  conftest.cpp >&5
conftest.cpp:61:29: fatal error: netinet/tcp_var.h: No such file or directory
compilation terminated.
configure:16602: $? = 1
configure: failed program was:
| /* confdefs.h */
| #define PACKAGE_NAME "icecc"
| #define PACKAGE_TARNAME "icecc"
| #define PACKAGE_VERSION "1.1rc3"
| #define PACKAGE_STRING "icecc 1.1rc3"
| #define PACKAGE_BUGREPORT ""
| #define PACKAGE_URL ""
| #define PACKAGE "icecc"
| #define VERSION "1.1rc3"
| #define STDC_HEADERS 1
| #define HAVE_SYS_TYPES_H 1
| #define HAVE_SYS_STAT_H 1
| #define HAVE_STDLIB_H 1
| #define HAVE_STRING_H 1
| #define HAVE_MEMORY_H 1
| #define HAVE_STRINGS_H 1
| #define HAVE_INTTYPES_H 1
| #define HAVE_STDINT_H 1
| #define HAVE_UNISTD_H 1
| #define HAVE_DLFCN_H 1
| #define LT_OBJDIR ".libs/"
| #define HAVE_LIBCAP_NG 1
| #define HAVE_UNISTD_H 1
| #define HAVE_STDINT_H 1
| #define HAVE_SIGNAL_H 1
| #define HAVE_SYS_TYPES_H 1
| #define HAVE_SYS_SIGNAL_H 1
| #define HAVE_IFADDRS_H 1
| #define HAVE_SYS_PARAM_H 1
| #define HAVE_CTYPE_H 1
| #define HAVE_SYS_RESOURCE_H 1
| #define HAVE_SYS_SOCKET_H 1
| #define HAVE_SYS_SOCKETVAR_H 1
| #define HAVE_SYS_STAT_H 1
| #define HAVE_SYS_SELECT_H 1
| #define HAVE_SYS_VFS_H 1
| #define HAVE_NETINET_IN_H 1
| #define HAVE_ARPA_NAMESER_H 1
| #define HAVE_RESOLV_H 1
| #define TAR "/bin/tar"
| #define HAVE_FLOAT_H 1
| #define HAVE_MCHECK_H 1
| #define HAVE_ALLOCA_H 1
| #define HAVE_SYS_MMAN_H 1
| #define HAVE_NETINET_TCP_H 1
| /* end confdefs.h.  */
| #if HAVE_SYS_TYPES_H
| # include <sys/types.h>
| #endif
| #if HAVE_SYS_SOCKETVAR_H
| # include <sys/socketvar.h>
| #endif
| #if HAVE_NETINET_IN_H
| # include <netinet/in.h>
| #endif
| #if HAVE_NETINET_TCP_H
| # include <netinet/tcp.h>
| #endif
| 
| 
| #include <netinet/tcp_var.h>
configure:16602: result: no
configure:16628: checking sys/user.h usability
configure:16628: g++ -c  -g -W -Wall -Wpointer-arith -Wcast-align  -Wwrite-strings -g -O2  conftest.cpp >&5
configure:16628: $? = 0
configure:16628: result: yes
configure:16628: checking sys/user.h presence
configure:16628: g++ -E  conftest.cpp
configure:16628: $? = 0
configure:16628: result: yes
configure:16628: checking for sys/user.h
configure:16628: result: yes
configure:16641: checking for sa_family_t
configure:16641: g++ -c  -g -W -Wall -Wpointer-arith -Wcast-align  -Wwrite-strings -g -O2  conftest.cpp >&5
configure:16641: $? = 0
configure:16641: g++ -c  -g -W -Wall -Wpointer-arith -Wcast-align  -Wwrite-strings -g -O2  conftest.cpp >&5
conftest.cpp: In function 'int main()':
conftest.cpp:66:25: error: expected primary-expression before ')' token
 if (sizeof ((sa_family_t)))
                         ^
configure:16641: $? = 1
configure: failed program was:
| /* confdefs.h */
| #define PACKAGE_NAME "icecc"
| #define PACKAGE_TARNAME "icecc"
| #define PACKAGE_VERSION "1.1rc3"
| #define PACKAGE_STRING "icecc 1.1rc3"
| #define PACKAGE_BUGREPORT ""
| #define PACKAGE_URL ""
| #define PACKAGE "icecc"
| #define VERSION "1.1rc3"
| #define STDC_HEADERS 1
| #define HAVE_SYS_TYPES_H 1
| #define HAVE_SYS_STAT_H 1
| #define HAVE_STDLIB_H 1
| #define HAVE_STRING_H 1
| #define HAVE_MEMORY_H 1
| #define HAVE_STRINGS_H 1
| #define HAVE_INTTYPES_H 1
| #define HAVE_STDINT_H 1
| #define HAVE_UNISTD_H 1
| #define HAVE_DLFCN_H 1
| #define LT_OBJDIR ".libs/"
| #define HAVE_LIBCAP_NG 1
| #define HAVE_UNISTD_H 1
| #define HAVE_STDINT_H 1
| #define HAVE_SIGNAL_H 1
| #define HAVE_SYS_TYPES_H 1
| #define HAVE_SYS_SIGNAL_H 1
| #define HAVE_IFADDRS_H 1
| #define HAVE_SYS_PARAM_H 1
| #define HAVE_CTYPE_H 1
| #define HAVE_SYS_RESOURCE_H 1
| #define HAVE_SYS_SOCKET_H 1
| #define HAVE_SYS_SOCKETVAR_H 1
| #define HAVE_SYS_STAT_H 1
| #define HAVE_SYS_SELECT_H 1
| #define HAVE_SYS_VFS_H 1
| #define HAVE_NETINET_IN_H 1
| #define HAVE_ARPA_NAMESER_H 1
| #define HAVE_RESOLV_H 1
| #define TAR "/bin/tar"
| #define HAVE_FLOAT_H 1
| #define HAVE_MCHECK_H 1
| #define HAVE_ALLOCA_H 1
| #define HAVE_SYS_MMAN_H 1
| #define HAVE_NETINET_TCP_H 1
| #define HAVE_SYS_USER_H 1
| /* end confdefs.h.  */
| 
| #if HAVE_SYS_TYPES_H
| # include <sys/types.h>
| #endif
| #if HAVE_SYS_SOCKET_H
| # include <sys/socket.h>
| #endif
| #if HAVE_NETINET_IN_H
| # include <netinet/in.h>
| #endif
| #if HAVE_ARPA_NAMESER_H
| # include <arpa/nameser.h>
| #endif
| 
| 
| int
| main ()
| {
| if (sizeof ((sa_family_t)))
| 	    return 0;
|   ;
|   return 0;
| }
configure:16641: result: yes
configure:16664: checking for socklen_t
configure:16664: g++ -c  -g -W -Wall -Wpointer-arith -Wcast-align  -Wwrite-strings -g -O2  conftest.cpp >&5
configure:16664: $? = 0
configure:16664: g++ -c  -g -W -Wall -Wpointer-arith -Wcast-align  -Wwrite-strings -g -O2  conftest.cpp >&5
conftest.cpp: In function 'int main()':
conftest.cpp:67:23: error: expected primary-expression before ')' token
 if (sizeof ((socklen_t)))
                       ^
configure:16664: $? = 1
configure: failed program was:
| /* confdefs.h */
| #define PACKAGE_NAME "icecc"
| #define PACKAGE_TARNAME "icecc"
| #define PACKAGE_VERSION "1.1rc3"
| #define PACKAGE_STRING "icecc 1.1rc3"
| #define PACKAGE_BUGREPORT ""
| #define PACKAGE_URL ""
| #define PACKAGE "icecc"
| #define VERSION "1.1rc3"
| #define STDC_HEADERS 1
| #define HAVE_SYS_TYPES_H 1
| #define HAVE_SYS_STAT_H 1
| #define HAVE_STDLIB_H 1
| #define HAVE_STRING_H 1
| #define HAVE_MEMORY_H 1
| #define HAVE_STRINGS_H 1
| #define HAVE_INTTYPES_H 1
| #define HAVE_STDINT_H 1
| #define HAVE_UNISTD_H 1
| #define HAVE_DLFCN_H 1
| #define LT_OBJDIR ".libs/"
| #define HAVE_LIBCAP_NG 1
| #define HAVE_UNISTD_H 1
| #define HAVE_STDINT_H 1
| #define HAVE_SIGNAL_H 1
| #define HAVE_SYS_TYPES_H 1
| #define HAVE_SYS_SIGNAL_H 1
| #define HAVE_IFADDRS_H 1
| #define HAVE_SYS_PARAM_H 1
| #define HAVE_CTYPE_H 1
| #define HAVE_SYS_RESOURCE_H 1
| #define HAVE_SYS_SOCKET_H 1
| #define HAVE_SYS_SOCKETVAR_H 1
| #define HAVE_SYS_STAT_H 1
| #define HAVE_SYS_SELECT_H 1
| #define HAVE_SYS_VFS_H 1
| #define HAVE_NETINET_IN_H 1
| #define HAVE_ARPA_NAMESER_H 1
| #define HAVE_RESOLV_H 1
| #define TAR "/bin/tar"
| #define HAVE_FLOAT_H 1
| #define HAVE_MCHECK_H 1
| #define HAVE_ALLOCA_H 1
| #define HAVE_SYS_MMAN_H 1
| #define HAVE_NETINET_TCP_H 1
| #define HAVE_SYS_USER_H 1
| #define HAVE_SA_FAMILY_T 1
| /* end confdefs.h.  */
| 
| #if HAVE_SYS_TYPES_H
| # include <sys/types.h>
| #endif
| #if HAVE_SYS_SOCKET_H
| # include <sys/socket.h>
| #endif
| #if HAVE_NETINET_IN_H
| # include <netinet/in.h>
| #endif
| #if HAVE_ARPA_NAMESER_H
| # include <arpa/nameser.h>
| #endif
| 
| 
| int
| main ()
| {
| if (sizeof ((socklen_t)))
| 	    return 0;
|   ;
|   return 0;
| }
configure:16664: result: yes
configure:16687: checking for in_port_t
configure:16687: g++ -c  -g -W -Wall -Wpointer-arith -Wcast-align  -Wwrite-strings -g -O2  conftest.cpp >&5
configure:16687: $? = 0
configure:16687: g++ -c  -g -W -Wall -Wpointer-arith -Wcast-align  -Wwrite-strings -g -O2  conftest.cpp >&5
conftest.cpp: In function 'int main()':
conftest.cpp:68:23: error: expected primary-expression before ')' token
 if (sizeof ((in_port_t)))
                       ^
configure:16687: $? = 1
configure: failed program was:
| /* confdefs.h */
| #define PACKAGE_NAME "icecc"
| #define PACKAGE_TARNAME "icecc"
| #define PACKAGE_VERSION "1.1rc3"
| #define PACKAGE_STRING "icecc 1.1rc3"
| #define PACKAGE_BUGREPORT ""
| #define PACKAGE_URL ""
| #define PACKAGE "icecc"
| #define VERSION "1.1rc3"
| #define STDC_HEADERS 1
| #define HAVE_SYS_TYPES_H 1
| #define HAVE_SYS_STAT_H 1
| #define HAVE_STDLIB_H 1
| #define HAVE_STRING_H 1
| #define HAVE_MEMORY_H 1
| #define HAVE_STRINGS_H 1
| #define HAVE_INTTYPES_H 1
| #define HAVE_STDINT_H 1
| #define HAVE_UNISTD_H 1
| #define HAVE_DLFCN_H 1
| #define LT_OBJDIR ".libs/"
| #define HAVE_LIBCAP_NG 1
| #define HAVE_UNISTD_H 1
| #define HAVE_STDINT_H 1
| #define HAVE_SIGNAL_H 1
| #define HAVE_SYS_TYPES_H 1
| #define HAVE_SYS_SIGNAL_H 1
| #define HAVE_IFADDRS_H 1
| #define HAVE_SYS_PARAM_H 1
| #define HAVE_CTYPE_H 1
| #define HAVE_SYS_RESOURCE_H 1
| #define HAVE_SYS_SOCKET_H 1
| #define HAVE_SYS_SOCKETVAR_H 1
| #define HAVE_SYS_STAT_H 1
| #define HAVE_SYS_SELECT_H 1
| #define HAVE_SYS_VFS_H 1
| #define HAVE_NETINET_IN_H 1
| #define HAVE_ARPA_NAMESER_H 1
| #define HAVE_RESOLV_H 1
| #define TAR "/bin/tar"
| #define HAVE_FLOAT_H 1
| #define HAVE_MCHECK_H 1
| #define HAVE_ALLOCA_H 1
| #define HAVE_SYS_MMAN_H 1
| #define HAVE_NETINET_TCP_H 1
| #define HAVE_SYS_USER_H 1
| #define HAVE_SA_FAMILY_T 1
| #define HAVE_SOCKLEN_T 1
| /* end confdefs.h.  */
| 
| #if HAVE_SYS_TYPES_H
| # include <sys/types.h>
| #endif
| #if HAVE_SYS_SOCKET_H
| # include <sys/socket.h>
| #endif
| #if HAVE_NETINET_IN_H
| # include <netinet/in.h>
| #endif
| #if HAVE_ARPA_NAMESER_H
| # include <arpa/nameser.h>
| #endif
| 
| 
| int
| main ()
| {
| if (sizeof ((in_port_t)))
| 	    return 0;
|   ;
|   return 0;
| }
configure:16687: result: yes
configure:16710: checking for in_addr_t
configure:16710: g++ -c  -g -W -Wall -Wpointer-arith -Wcast-align  -Wwrite-strings -g -O2  conftest.cpp >&5
configure:16710: $? = 0
configure:16710: g++ -c  -g -W -Wall -Wpointer-arith -Wcast-align  -Wwrite-strings -g -O2  conftest.cpp >&5
conftest.cpp: In function 'int main()':
conftest.cpp:69:23: error: expected primary-expression before ')' token
 if (sizeof ((in_addr_t)))
                       ^
configure:16710: $? = 1
configure: failed program was:
| /* confdefs.h */
| #define PACKAGE_NAME "icecc"
| #define PACKAGE_TARNAME "icecc"
| #define PACKAGE_VERSION "1.1rc3"
| #define PACKAGE_STRING "icecc 1.1rc3"
| #define PACKAGE_BUGREPORT ""
| #define PACKAGE_URL ""
| #define PACKAGE "icecc"
| #define VERSION "1.1rc3"
| #define STDC_HEADERS 1
| #define HAVE_SYS_TYPES_H 1
| #define HAVE_SYS_STAT_H 1
| #define HAVE_STDLIB_H 1
| #define HAVE_STRING_H 1
| #define HAVE_MEMORY_H 1
| #define HAVE_STRINGS_H 1
| #define HAVE_INTTYPES_H 1
| #define HAVE_STDINT_H 1
| #define HAVE_UNISTD_H 1
| #define HAVE_DLFCN_H 1
| #define LT_OBJDIR ".libs/"
| #define HAVE_LIBCAP_NG 1
| #define HAVE_UNISTD_H 1
| #define HAVE_STDINT_H 1
| #define HAVE_SIGNAL_H 1
| #define HAVE_SYS_TYPES_H 1
| #define HAVE_SYS_SIGNAL_H 1
| #define HAVE_IFADDRS_H 1
| #define HAVE_SYS_PARAM_H 1
| #define HAVE_CTYPE_H 1
| #define HAVE_SYS_RESOURCE_H 1
| #define HAVE_SYS_SOCKET_H 1
| #define HAVE_SYS_SOCKETVAR_H 1
| #define HAVE_SYS_STAT_H 1
| #define HAVE_SYS_SELECT_H 1
| #define HAVE_SYS_VFS_H 1
| #define HAVE_NETINET_IN_H 1
| #define HAVE_ARPA_NAMESER_H 1
| #define HAVE_RESOLV_H 1
| #define TAR "/bin/tar"
| #define HAVE_FLOAT_H 1
| #define HAVE_MCHECK_H 1
| #define HAVE_ALLOCA_H 1
| #define HAVE_SYS_MMAN_H 1
| #define HAVE_NETINET_TCP_H 1
| #define HAVE_SYS_USER_H 1
| #define HAVE_SA_FAMILY_T 1
| #define HAVE_SOCKLEN_T 1
| #define HAVE_IN_PORT_T 1
| /* end confdefs.h.  */
| 
| #if HAVE_SYS_TYPES_H
| # include <sys/types.h>
| #endif
| #if HAVE_SYS_SOCKET_H
| # include <sys/socket.h>
| #endif
| #if HAVE_NETINET_IN_H
| # include <netinet/in.h>
| #endif
| #if HAVE_ARPA_NAMESER_H
| # include <arpa/nameser.h>
| #endif
| 
| 
| int
| main ()
| {
| if (sizeof ((in_addr_t)))
| 	    return 0;
|   ;
|   return 0;
| }
configure:16710: result: yes
configure:16735: checking for struct ifreq.ifr_dstaddr
configure:16735: g++ -c  -g -W -Wall -Wpointer-arith -Wcast-align  -Wwrite-strings -g -O2  conftest.cpp >&5
In file included from conftest.cpp:53:0:
conftest.cpp: In function 'int main()':
conftest.cpp:60:13: error: could not convert 'ac_aggr.ifreq::ifr_ifru.ifreq::<anonymous union>::ifru_dstaddr' from 'sockaddr' to 'bool'
 if (ac_aggr.ifr_dstaddr)
             ^
configure:16735: $? = 1
configure: failed program was:
| /* confdefs.h */
| #define PACKAGE_NAME "icecc"
| #define PACKAGE_TARNAME "icecc"
| #define PACKAGE_VERSION "1.1rc3"
| #define PACKAGE_STRING "icecc 1.1rc3"
| #define PACKAGE_BUGREPORT ""
| #define PACKAGE_URL ""
| #define PACKAGE "icecc"
| #define VERSION "1.1rc3"
| #define STDC_HEADERS 1
| #define HAVE_SYS_TYPES_H 1
| #define HAVE_SYS_STAT_H 1
| #define HAVE_STDLIB_H 1
| #define HAVE_STRING_H 1
| #define HAVE_MEMORY_H 1
| #define HAVE_STRINGS_H 1
| #define HAVE_INTTYPES_H 1
| #define HAVE_STDINT_H 1
| #define HAVE_UNISTD_H 1
| #define HAVE_DLFCN_H 1
| #define LT_OBJDIR ".libs/"
| #define HAVE_LIBCAP_NG 1
| #define HAVE_UNISTD_H 1
| #define HAVE_STDINT_H 1
| #define HAVE_SIGNAL_H 1
| #define HAVE_SYS_TYPES_H 1
| #define HAVE_SYS_SIGNAL_H 1
| #define HAVE_IFADDRS_H 1
| #define HAVE_SYS_PARAM_H 1
| #define HAVE_CTYPE_H 1
| #define HAVE_SYS_RESOURCE_H 1
| #define HAVE_SYS_SOCKET_H 1
| #define HAVE_SYS_SOCKETVAR_H 1
| #define HAVE_SYS_STAT_H 1
| #define HAVE_SYS_SELECT_H 1
| #define HAVE_SYS_VFS_H 1
| #define HAVE_NETINET_IN_H 1
| #define HAVE_ARPA_NAMESER_H 1
| #define HAVE_RESOLV_H 1
| #define TAR "/bin/tar"
| #define HAVE_FLOAT_H 1
| #define HAVE_MCHECK_H 1
| #define HAVE_ALLOCA_H 1
| #define HAVE_SYS_MMAN_H 1
| #define HAVE_NETINET_TCP_H 1
| #define HAVE_SYS_USER_H 1
| #define HAVE_SA_FAMILY_T 1
| #define HAVE_SOCKLEN_T 1
| #define HAVE_IN_PORT_T 1
| #define HAVE_IN_ADDR_T 1
| /* end confdefs.h.  */
| 
| #include <net/if.h>
| 
| 
| int
| main ()
| {
| static struct ifreq ac_aggr;
| if (ac_aggr.ifr_dstaddr)
| return 0;
|   ;
|   return 0;
| }
configure:16735: g++ -c  -g -W -Wall -Wpointer-arith -Wcast-align  -Wwrite-strings -g -O2  conftest.cpp >&5
configure:16735: $? = 0
configure:16735: result: yes
configure:16761: checking for connect
configure:16761: g++ -o conftest  -g -W -Wall -Wpointer-arith -Wcast-align  -Wwrite-strings -g -O2   conftest.cpp  >&5
configure:16761: $? = 0
configure:16761: result: yes
configure:16973: checking for hstrerror in -lresolv
configure:16998: g++ -o conftest  -g -W -Wall -Wpointer-arith -Wcast-align  -Wwrite-strings -g -O2   conftest.cpp -lresolv -lnsl -lsocket  >&5
/usr/bin/ld: cannot find -lsocket
collect2: error: ld returned 1 exit status
configure:16998: $? = 1
configure: failed program was:
| /* confdefs.h */
| #define PACKAGE_NAME "icecc"
| #define PACKAGE_TARNAME "icecc"
| #define PACKAGE_VERSION "1.1rc3"
| #define PACKAGE_STRING "icecc 1.1rc3"
| #define PACKAGE_BUGREPORT ""
| #define PACKAGE_URL ""
| #define PACKAGE "icecc"
| #define VERSION "1.1rc3"
| #define STDC_HEADERS 1
| #define HAVE_SYS_TYPES_H 1
| #define HAVE_SYS_STAT_H 1
| #define HAVE_STDLIB_H 1
| #define HAVE_STRING_H 1
| #define HAVE_MEMORY_H 1
| #define HAVE_STRINGS_H 1
| #define HAVE_INTTYPES_H 1
| #define HAVE_STDINT_H 1
| #define HAVE_UNISTD_H 1
| #define HAVE_DLFCN_H 1
| #define LT_OBJDIR ".libs/"
| #define HAVE_LIBCAP_NG 1
| #define HAVE_UNISTD_H 1
| #define HAVE_STDINT_H 1
| #define HAVE_SIGNAL_H 1
| #define HAVE_SYS_TYPES_H 1
| #define HAVE_SYS_SIGNAL_H 1
| #define HAVE_IFADDRS_H 1
| #define HAVE_SYS_PARAM_H 1
| #define HAVE_CTYPE_H 1
| #define HAVE_SYS_RESOURCE_H 1
| #define HAVE_SYS_SOCKET_H 1
| #define HAVE_SYS_SOCKETVAR_H 1
| #define HAVE_SYS_STAT_H 1
| #define HAVE_SYS_SELECT_H 1
| #define HAVE_SYS_VFS_H 1
| #define HAVE_NETINET_IN_H 1
| #define HAVE_ARPA_NAMESER_H 1
| #define HAVE_RESOLV_H 1
| #define TAR "/bin/tar"
| #define HAVE_FLOAT_H 1
| #define HAVE_MCHECK_H 1
| #define HAVE_ALLOCA_H 1
| #define HAVE_SYS_MMAN_H 1
| #define HAVE_NETINET_TCP_H 1
| #define HAVE_SYS_USER_H 1
| #define HAVE_SA_FAMILY_T 1
| #define HAVE_SOCKLEN_T 1
| #define HAVE_IN_PORT_T 1
| #define HAVE_IN_ADDR_T 1
| #define HAVE_IFR_DSTADDR 1
| #define HAVE_CONNECT 1
| /* end confdefs.h.  */
| 
| /* Override any GCC internal prototype to avoid an error.
|    Use char because int might match the return type of a GCC
|    builtin and then its argument prototype would still apply.  */
| #ifdef __cplusplus
| extern "C"
| #endif
| char hstrerror ();
| int
| main ()
| {
| return hstrerror ();
|   ;
|   return 0;
| }
configure:17007: result: no
configure:17018: checking for inet_aton in -lresolv
configure:17043: g++ -o conftest  -g -W -Wall -Wpointer-arith -Wcast-align  -Wwrite-strings -g -O2   conftest.cpp -lresolv -lnsl -lsocket  >&5
/usr/bin/ld: cannot find -lsocket
collect2: error: ld returned 1 exit status
configure:17043: $? = 1
configure: failed program was:
| /* confdefs.h */
| #define PACKAGE_NAME "icecc"
| #define PACKAGE_TARNAME "icecc"
| #define PACKAGE_VERSION "1.1rc3"
| #define PACKAGE_STRING "icecc 1.1rc3"
| #define PACKAGE_BUGREPORT ""
| #define PACKAGE_URL ""
| #define PACKAGE "icecc"
| #define VERSION "1.1rc3"
| #define STDC_HEADERS 1
| #define HAVE_SYS_TYPES_H 1
| #define HAVE_SYS_STAT_H 1
| #define HAVE_STDLIB_H 1
| #define HAVE_STRING_H 1
| #define HAVE_MEMORY_H 1
| #define HAVE_STRINGS_H 1
| #define HAVE_INTTYPES_H 1
| #define HAVE_STDINT_H 1
| #define HAVE_UNISTD_H 1
| #define HAVE_DLFCN_H 1
| #define LT_OBJDIR ".libs/"
| #define HAVE_LIBCAP_NG 1
| #define HAVE_UNISTD_H 1
| #define HAVE_STDINT_H 1
| #define HAVE_SIGNAL_H 1
| #define HAVE_SYS_TYPES_H 1
| #define HAVE_SYS_SIGNAL_H 1
| #define HAVE_IFADDRS_H 1
| #define HAVE_SYS_PARAM_H 1
| #define HAVE_CTYPE_H 1
| #define HAVE_SYS_RESOURCE_H 1
| #define HAVE_SYS_SOCKET_H 1
| #define HAVE_SYS_SOCKETVAR_H 1
| #define HAVE_SYS_STAT_H 1
| #define HAVE_SYS_SELECT_H 1
| #define HAVE_SYS_VFS_H 1
| #define HAVE_NETINET_IN_H 1
| #define HAVE_ARPA_NAMESER_H 1
| #define HAVE_RESOLV_H 1
| #define TAR "/bin/tar"
| #define HAVE_FLOAT_H 1
| #define HAVE_MCHECK_H 1
| #define HAVE_ALLOCA_H 1
| #define HAVE_SYS_MMAN_H 1
| #define HAVE_NETINET_TCP_H 1
| #define HAVE_SYS_USER_H 1
| #define HAVE_SA_FAMILY_T 1
| #define HAVE_SOCKLEN_T 1
| #define HAVE_IN_PORT_T 1
| #define HAVE_IN_ADDR_T 1
| #define HAVE_IFR_DSTADDR 1
| #define HAVE_CONNECT 1
| /* end confdefs.h.  */
| 
| /* Override any GCC internal prototype to avoid an error.
|    Use char because int might match the return type of a GCC
|    builtin and then its argument prototype would still apply.  */
| #ifdef __cplusplus
| extern "C"
| #endif
| char inet_aton ();
| int
| main ()
| {
| return inet_aton ();
|   ;
|   return 0;
| }
configure:17052: result: no
configure:17067: checking for setsid
configure:17067: g++ -o conftest  -g -W -Wall -Wpointer-arith -Wcast-align  -Wwrite-strings -g -O2   conftest.cpp  >&5
configure:17067: $? = 0
configure:17067: result: yes
configure:17067: checking for flock
configure:17067: g++ -o conftest  -g -W -Wall -Wpointer-arith -Wcast-align  -Wwrite-strings -g -O2   conftest.cpp  >&5
configure:17067: $? = 0
configure:17067: result: yes
configure:17067: checking for lockf
configure:17067: g++ -o conftest  -g -W -Wall -Wpointer-arith -Wcast-align  -Wwrite-strings -g -O2   conftest.cpp  >&5
configure:17067: $? = 0
configure:17067: result: yes
configure:17067: checking for hstrerror
configure:17067: g++ -o conftest  -g -W -Wall -Wpointer-arith -Wcast-align  -Wwrite-strings -g -O2   conftest.cpp  >&5
configure:17067: $? = 0
configure:17067: result: yes
configure:17067: checking for strerror
configure:17067: g++ -o conftest  -g -W -Wall -Wpointer-arith -Wcast-align  -Wwrite-strings -g -O2   conftest.cpp  >&5
configure:17067: $? = 0
configure:17067: result: yes
configure:17067: checking for setuid
configure:17067: g++ -o conftest  -g -W -Wall -Wpointer-arith -Wcast-align  -Wwrite-strings -g -O2   conftest.cpp  >&5
configure:17067: $? = 0
configure:17067: result: yes
configure:17067: checking for setreuid
configure:17067: g++ -o conftest  -g -W -Wall -Wpointer-arith -Wcast-align  -Wwrite-strings -g -O2   conftest.cpp  >&5
configure:17067: $? = 0
configure:17067: result: yes
configure:17079: checking for getuid
configure:17079: g++ -o conftest  -g -W -Wall -Wpointer-arith -Wcast-align  -Wwrite-strings -g -O2   conftest.cpp  >&5
configure:17079: $? = 0
configure:17079: result: yes
configure:17079: checking for geteuid
configure:17079: g++ -o conftest  -g -W -Wall -Wpointer-arith -Wcast-align  -Wwrite-strings -g -O2   conftest.cpp  >&5
configure:17079: $? = 0
configure:17079: result: yes
configure:17079: checking for mcheck
configure:17079: g++ -o conftest  -g -W -Wall -Wpointer-arith -Wcast-align  -Wwrite-strings -g -O2   conftest.cpp  >&5
configure:17079: $? = 0
configure:17079: result: yes
configure:17079: checking for wait4
configure:17079: g++ -o conftest  -g -W -Wall -Wpointer-arith -Wcast-align  -Wwrite-strings -g -O2   conftest.cpp  >&5
configure:17079: $? = 0
configure:17079: result: yes
configure:17079: checking for wait3
configure:17079: g++ -o conftest  -g -W -Wall -Wpointer-arith -Wcast-align  -Wwrite-strings -g -O2   conftest.cpp  >&5
configure:17079: $? = 0
configure:17079: result: yes
configure:17079: checking for waitpid
configure:17079: g++ -o conftest  -g -W -Wall -Wpointer-arith -Wcast-align  -Wwrite-strings -g -O2   conftest.cpp  >&5
configure:17079: $? = 0
configure:17079: result: yes
configure:17079: checking for setgroups
configure:17079: g++ -o conftest  -g -W -Wall -Wpointer-arith -Wcast-align  -Wwrite-strings -g -O2   conftest.cpp  >&5
configure:17079: $? = 0
configure:17079: result: yes
configure:17079: checking for getcwd
configure:17079: g++ -o conftest  -g -W -Wall -Wpointer-arith -Wcast-align  -Wwrite-strings -g -O2   conftest.cpp  >&5
configure:17079: $? = 0
configure:17079: result: yes
configure:17091: checking for snprintf
configure:17091: g++ -o conftest  -g -W -Wall -Wpointer-arith -Wcast-align  -Wwrite-strings -g -O2   conftest.cpp  >&5
configure:17091: $? = 0
configure:17091: result: yes
configure:17091: checking for vsnprintf
configure:17091: g++ -o conftest  -g -W -Wall -Wpointer-arith -Wcast-align  -Wwrite-strings -g -O2   conftest.cpp  >&5
configure:17091: $? = 0
configure:17091: result: yes
configure:17091: checking for vasprintf
configure:17091: g++ -o conftest  -g -W -Wall -Wpointer-arith -Wcast-align  -Wwrite-strings -g -O2   conftest.cpp  >&5
configure:17091: $? = 0
configure:17091: result: yes
configure:17091: checking for asprintf
configure:17091: g++ -o conftest  -g -W -Wall -Wpointer-arith -Wcast-align  -Wwrite-strings -g -O2   conftest.cpp  >&5
configure:17091: $? = 0
configure:17091: result: yes
configure:17091: checking for getcwd
configure:17091: result: yes
configure:17091: checking for getwd
configure:17091: g++ -o conftest  -g -W -Wall -Wpointer-arith -Wcast-align  -Wwrite-strings -g -O2   conftest.cpp  >&5
/tmp/ccKrkwan.o: In function `main':
/home/linux/github/icecream-1.1rc3/conftest.cpp:108: warning: the `getwd' function is dangerous and should not be used.
configure:17091: $? = 0
configure:17091: result: yes
configure:17103: checking for getrusage
configure:17103: g++ -o conftest  -g -W -Wall -Wpointer-arith -Wcast-align  -Wwrite-strings -g -O2   conftest.cpp  >&5
configure:17103: $? = 0
configure:17103: result: yes
configure:17103: checking for strsignal
configure:17103: g++ -o conftest  -g -W -Wall -Wpointer-arith -Wcast-align  -Wwrite-strings -g -O2   conftest.cpp  >&5
configure:17103: $? = 0
configure:17103: result: yes
configure:17103: checking for gettimeofday
configure:17103: g++ -o conftest  -g -W -Wall -Wpointer-arith -Wcast-align  -Wwrite-strings -g -O2   conftest.cpp  >&5
configure:17103: $? = 0
configure:17103: result: yes
configure:17115: checking for getaddrinfo
configure:17115: g++ -o conftest  -g -W -Wall -Wpointer-arith -Wcast-align  -Wwrite-strings -g -O2   conftest.cpp  >&5
configure:17115: $? = 0
configure:17115: result: yes
configure:17115: checking for getnameinfo
configure:17115: g++ -o conftest  -g -W -Wall -Wpointer-arith -Wcast-align  -Wwrite-strings -g -O2   conftest.cpp  >&5
configure:17115: $? = 0
configure:17115: result: yes
configure:17115: checking for inet_ntop
configure:17115: g++ -o conftest  -g -W -Wall -Wpointer-arith -Wcast-align  -Wwrite-strings -g -O2   conftest.cpp  >&5
configure:17115: $? = 0
configure:17115: result: yes
configure:17115: checking for inet_ntoa
configure:17115: g++ -o conftest  -g -W -Wall -Wpointer-arith -Wcast-align  -Wwrite-strings -g -O2   conftest.cpp  >&5
configure:17115: $? = 0
configure:17115: result: yes
configure:17127: checking for strndup
configure:17127: g++ -o conftest  -g -W -Wall -Wpointer-arith -Wcast-align  -Wwrite-strings -g -O2   conftest.cpp  >&5
configure:17127: $? = 0
configure:17127: result: yes
configure:17127: checking for mmap
configure:17127: g++ -o conftest  -g -W -Wall -Wpointer-arith -Wcast-align  -Wwrite-strings -g -O2   conftest.cpp  >&5
configure:17127: $? = 0
configure:17127: result: yes
configure:17127: checking for strlcpy
configure:17127: g++ -o conftest  -g -W -Wall -Wpointer-arith -Wcast-align  -Wwrite-strings -g -O2   conftest.cpp  >&5
/tmp/ccTuUfYO.o: In function `main':
/home/linux/github/icecream-1.1rc3/conftest.cpp:118: undefined reference to `strlcpy'
collect2: error: ld returned 1 exit status
configure:17127: $? = 1
configure: failed program was:
| /* confdefs.h */
| #define PACKAGE_NAME "icecc"
| #define PACKAGE_TARNAME "icecc"
| #define PACKAGE_VERSION "1.1rc3"
| #define PACKAGE_STRING "icecc 1.1rc3"
| #define PACKAGE_BUGREPORT ""
| #define PACKAGE_URL ""
| #define PACKAGE "icecc"
| #define VERSION "1.1rc3"
| #define STDC_HEADERS 1
| #define HAVE_SYS_TYPES_H 1
| #define HAVE_SYS_STAT_H 1
| #define HAVE_STDLIB_H 1
| #define HAVE_STRING_H 1
| #define HAVE_MEMORY_H 1
| #define HAVE_STRINGS_H 1
| #define HAVE_INTTYPES_H 1
| #define HAVE_STDINT_H 1
| #define HAVE_UNISTD_H 1
| #define HAVE_DLFCN_H 1
| #define LT_OBJDIR ".libs/"
| #define HAVE_LIBCAP_NG 1
| #define HAVE_UNISTD_H 1
| #define HAVE_STDINT_H 1
| #define HAVE_SIGNAL_H 1
| #define HAVE_SYS_TYPES_H 1
| #define HAVE_SYS_SIGNAL_H 1
| #define HAVE_IFADDRS_H 1
| #define HAVE_SYS_PARAM_H 1
| #define HAVE_CTYPE_H 1
| #define HAVE_SYS_RESOURCE_H 1
| #define HAVE_SYS_SOCKET_H 1
| #define HAVE_SYS_SOCKETVAR_H 1
| #define HAVE_SYS_STAT_H 1
| #define HAVE_SYS_SELECT_H 1
| #define HAVE_SYS_VFS_H 1
| #define HAVE_NETINET_IN_H 1
| #define HAVE_ARPA_NAMESER_H 1
| #define HAVE_RESOLV_H 1
| #define TAR "/bin/tar"
| #define HAVE_FLOAT_H 1
| #define HAVE_MCHECK_H 1
| #define HAVE_ALLOCA_H 1
| #define HAVE_SYS_MMAN_H 1
| #define HAVE_NETINET_TCP_H 1
| #define HAVE_SYS_USER_H 1
| #define HAVE_SA_FAMILY_T 1
| #define HAVE_SOCKLEN_T 1
| #define HAVE_IN_PORT_T 1
| #define HAVE_IN_ADDR_T 1
| #define HAVE_IFR_DSTADDR 1
| #define HAVE_CONNECT 1
| #define HAVE_SETSID 1
| #define HAVE_FLOCK 1
| #define HAVE_LOCKF 1
| #define HAVE_HSTRERROR 1
| #define HAVE_STRERROR 1
| #define HAVE_SETUID 1
| #define HAVE_SETREUID 1
| #define HAVE_GETUID 1
| #define HAVE_GETEUID 1
| #define HAVE_MCHECK 1
| #define HAVE_WAIT4 1
| #define HAVE_WAIT3 1
| #define HAVE_WAITPID 1
| #define HAVE_SETGROUPS 1
| #define HAVE_GETCWD 1
| #define HAVE_SNPRINTF 1
| #define HAVE_VSNPRINTF 1
| #define HAVE_VASPRINTF 1
| #define HAVE_ASPRINTF 1
| #define HAVE_GETCWD 1
| #define HAVE_GETWD 1
| #define HAVE_GETRUSAGE 1
| #define HAVE_STRSIGNAL 1
| #define HAVE_GETTIMEOFDAY 1
| #define HAVE_GETADDRINFO 1
| #define HAVE_GETNAMEINFO 1
| #define HAVE_INET_NTOP 1
| #define HAVE_INET_NTOA 1
| #define HAVE_STRNDUP 1
| #define HAVE_MMAP 1
| /* end confdefs.h.  */
| /* Define strlcpy to an innocuous variant, in case <limits.h> declares strlcpy.
|    For example, HP-UX 11i <limits.h> declares gettimeofday.  */
| #define strlcpy innocuous_strlcpy
| 
| /* System header to define __stub macros and hopefully few prototypes,
|     which can conflict with char strlcpy (); below.
|     Prefer <limits.h> to <assert.h> if __STDC__ is defined, since
|     <limits.h> exists even on freestanding compilers.  */
| 
| #ifdef __STDC__
| # include <limits.h>
| #else
| # include <assert.h>
| #endif
| 
| #undef strlcpy
| 
| /* Override any GCC internal prototype to avoid an error.
|    Use char because int might match the return type of a GCC
|    builtin and then its argument prototype would still apply.  */
| #ifdef __cplusplus
| extern "C"
| #endif
| char strlcpy ();
| /* The GNU C library defines this for functions which it implements
|     to always fail with ENOSYS.  Some functions are actually named
|     something starting with __ and the normal name is an alias.  */
| #if defined __stub_strlcpy || defined __stub___strlcpy
| choke me
| #endif
| 
| int
| main ()
| {
| return strlcpy ();
|   ;
|   return 0;
| }
configure:17127: result: no
configure:17138: checking for getloadavg
configure:17138: g++ -o conftest  -g -W -Wall -Wpointer-arith -Wcast-align  -Wwrite-strings -g -O2   conftest.cpp  >&5
configure:17138: $? = 0
configure:17138: result: yes
configure:17148: checking whether snprintf is declared
configure:17148: g++ -c  -g -W -Wall -Wpointer-arith -Wcast-align  -Wwrite-strings -g -O2  conftest.cpp >&5
configure:17148: $? = 0
configure:17148: result: yes
configure:17158: checking whether vsnprintf is declared
configure:17158: g++ -c  -g -W -Wall -Wpointer-arith -Wcast-align  -Wwrite-strings -g -O2  conftest.cpp >&5
configure:17158: $? = 0
configure:17158: result: yes
configure:17168: checking whether vasprintf is declared
configure:17168: g++ -c  -g -W -Wall -Wpointer-arith -Wcast-align  -Wwrite-strings -g -O2  conftest.cpp >&5
configure:17168: $? = 0
configure:17168: result: yes
configure:17178: checking whether asprintf is declared
configure:17178: g++ -c  -g -W -Wall -Wpointer-arith -Wcast-align  -Wwrite-strings -g -O2  conftest.cpp >&5
configure:17178: $? = 0
configure:17178: result: yes
configure:17188: checking whether strndup is declared
configure:17188: g++ -c  -g -W -Wall -Wpointer-arith -Wcast-align  -Wwrite-strings -g -O2  conftest.cpp >&5
configure:17188: $? = 0
configure:17188: result: yes
configure:17200: checking for lzo1x_1_compress in -llzo2
configure:17225: g++ -o conftest  -g -W -Wall -Wpointer-arith -Wcast-align  -Wwrite-strings -g -O2   conftest.cpp -llzo2   >&5
configure:17225: $? = 0
configure:17234: result: yes
configure:17244: checking for dlsym in -ldl
configure:17269: g++ -o conftest  -g -W -Wall -Wpointer-arith -Wcast-align  -Wwrite-strings -g -O2   conftest.cpp -ldl   >&5
configure:17269: $? = 0
configure:17278: result: yes
configure:17308: checking for clang
configure:17338: result: no
configure:17374: checking for clang
configure:17404: result: no
configure:17417: checking clang/AST/RecursiveASTVisitor.h usability
configure:17417: g++ -c  -g -W -Wall -Wpointer-arith -Wcast-align  -Wwrite-strings -g -O2  -D__STDC_CONSTANT_MACROS -D__STDC_FORMAT_MACROS -D__STDC_LIMIT_MACROS conftest.cpp >&5
conftest.cpp:123:43: fatal error: clang/AST/RecursiveASTVisitor.h: No such file or directory
compilation terminated.
configure:17417: $? = 1
configure: failed program was:
| /* confdefs.h */
| #define PACKAGE_NAME "icecc"
| #define PACKAGE_TARNAME "icecc"
| #define PACKAGE_VERSION "1.1rc3"
| #define PACKAGE_STRING "icecc 1.1rc3"
| #define PACKAGE_BUGREPORT ""
| #define PACKAGE_URL ""
| #define PACKAGE "icecc"
| #define VERSION "1.1rc3"
| #define STDC_HEADERS 1
| #define HAVE_SYS_TYPES_H 1
| #define HAVE_SYS_STAT_H 1
| #define HAVE_STDLIB_H 1
| #define HAVE_STRING_H 1
| #define HAVE_MEMORY_H 1
| #define HAVE_STRINGS_H 1
| #define HAVE_INTTYPES_H 1
| #define HAVE_STDINT_H 1
| #define HAVE_UNISTD_H 1
| #define HAVE_DLFCN_H 1
| #define LT_OBJDIR ".libs/"
| #define HAVE_LIBCAP_NG 1
| #define HAVE_UNISTD_H 1
| #define HAVE_STDINT_H 1
| #define HAVE_SIGNAL_H 1
| #define HAVE_SYS_TYPES_H 1
| #define HAVE_SYS_SIGNAL_H 1
| #define HAVE_IFADDRS_H 1
| #define HAVE_SYS_PARAM_H 1
| #define HAVE_CTYPE_H 1
| #define HAVE_SYS_RESOURCE_H 1
| #define HAVE_SYS_SOCKET_H 1
| #define HAVE_SYS_SOCKETVAR_H 1
| #define HAVE_SYS_STAT_H 1
| #define HAVE_SYS_SELECT_H 1
| #define HAVE_SYS_VFS_H 1
| #define HAVE_NETINET_IN_H 1
| #define HAVE_ARPA_NAMESER_H 1
| #define HAVE_RESOLV_H 1
| #define TAR "/bin/tar"
| #define HAVE_FLOAT_H 1
| #define HAVE_MCHECK_H 1
| #define HAVE_ALLOCA_H 1
| #define HAVE_SYS_MMAN_H 1
| #define HAVE_NETINET_TCP_H 1
| #define HAVE_SYS_USER_H 1
| #define HAVE_SA_FAMILY_T 1
| #define HAVE_SOCKLEN_T 1
| #define HAVE_IN_PORT_T 1
| #define HAVE_IN_ADDR_T 1
| #define HAVE_IFR_DSTADDR 1
| #define HAVE_CONNECT 1
| #define HAVE_SETSID 1
| #define HAVE_FLOCK 1
| #define HAVE_LOCKF 1
| #define HAVE_HSTRERROR 1
| #define HAVE_STRERROR 1
| #define HAVE_SETUID 1
| #define HAVE_SETREUID 1
| #define HAVE_GETUID 1
| #define HAVE_GETEUID 1
| #define HAVE_MCHECK 1
| #define HAVE_WAIT4 1
| #define HAVE_WAIT3 1
| #define HAVE_WAITPID 1
| #define HAVE_SETGROUPS 1
| #define HAVE_GETCWD 1
| #define HAVE_SNPRINTF 1
| #define HAVE_VSNPRINTF 1
| #define HAVE_VASPRINTF 1
| #define HAVE_ASPRINTF 1
| #define HAVE_GETCWD 1
| #define HAVE_GETWD 1
| #define HAVE_GETRUSAGE 1
| #define HAVE_STRSIGNAL 1
| #define HAVE_GETTIMEOFDAY 1
| #define HAVE_GETADDRINFO 1
| #define HAVE_GETNAMEINFO 1
| #define HAVE_INET_NTOP 1
| #define HAVE_INET_NTOA 1
| #define HAVE_STRNDUP 1
| #define HAVE_MMAP 1
| #define HAVE_GETLOADAVG 1
| #define HAVE_DECL_SNPRINTF 1
| #define HAVE_DECL_VSNPRINTF 1
| #define HAVE_DECL_VASPRINTF 1
| #define HAVE_DECL_ASPRINTF 1
| #define HAVE_DECL_STRNDUP 1
| /* end confdefs.h.  */
| #include <stdio.h>
| #ifdef HAVE_SYS_TYPES_H
| # include <sys/types.h>
| #endif
| #ifdef HAVE_SYS_STAT_H
| # include <sys/stat.h>
| #endif
| #ifdef STDC_HEADERS
| # include <stdlib.h>
| # include <stddef.h>
| #else
| # ifdef HAVE_STDLIB_H
| #  include <stdlib.h>
| # endif
| #endif
| #ifdef HAVE_STRING_H
| # if !defined STDC_HEADERS && defined HAVE_MEMORY_H
| #  include <memory.h>
| # endif
| # include <string.h>
| #endif
| #ifdef HAVE_STRINGS_H
| # include <strings.h>
| #endif
| #ifdef HAVE_INTTYPES_H
| # include <inttypes.h>
| #endif
| #ifdef HAVE_STDINT_H
| # include <stdint.h>
| #endif
| #ifdef HAVE_UNISTD_H
| # include <unistd.h>
| #endif
| #include <clang/AST/RecursiveASTVisitor.h>
configure:17417: result: no
configure:17417: checking clang/AST/RecursiveASTVisitor.h presence
configure:17417: g++ -E  -D__STDC_CONSTANT_MACROS -D__STDC_FORMAT_MACROS -D__STDC_LIMIT_MACROS conftest.cpp
conftest.cpp:90:43: fatal error: clang/AST/RecursiveASTVisitor.h: No such file or directory
compilation terminated.
configure:17417: $? = 1
configure: failed program was:
| /* confdefs.h */
| #define PACKAGE_NAME "icecc"
| #define PACKAGE_TARNAME "icecc"
| #define PACKAGE_VERSION "1.1rc3"
| #define PACKAGE_STRING "icecc 1.1rc3"
| #define PACKAGE_BUGREPORT ""
| #define PACKAGE_URL ""
| #define PACKAGE "icecc"
| #define VERSION "1.1rc3"
| #define STDC_HEADERS 1
| #define HAVE_SYS_TYPES_H 1
| #define HAVE_SYS_STAT_H 1
| #define HAVE_STDLIB_H 1
| #define HAVE_STRING_H 1
| #define HAVE_MEMORY_H 1
| #define HAVE_STRINGS_H 1
| #define HAVE_INTTYPES_H 1
| #define HAVE_STDINT_H 1
| #define HAVE_UNISTD_H 1
| #define HAVE_DLFCN_H 1
| #define LT_OBJDIR ".libs/"
| #define HAVE_LIBCAP_NG 1
| #define HAVE_UNISTD_H 1
| #define HAVE_STDINT_H 1
| #define HAVE_SIGNAL_H 1
| #define HAVE_SYS_TYPES_H 1
| #define HAVE_SYS_SIGNAL_H 1
| #define HAVE_IFADDRS_H 1
| #define HAVE_SYS_PARAM_H 1
| #define HAVE_CTYPE_H 1
| #define HAVE_SYS_RESOURCE_H 1
| #define HAVE_SYS_SOCKET_H 1
| #define HAVE_SYS_SOCKETVAR_H 1
| #define HAVE_SYS_STAT_H 1
| #define HAVE_SYS_SELECT_H 1
| #define HAVE_SYS_VFS_H 1
| #define HAVE_NETINET_IN_H 1
| #define HAVE_ARPA_NAMESER_H 1
| #define HAVE_RESOLV_H 1
| #define TAR "/bin/tar"
| #define HAVE_FLOAT_H 1
| #define HAVE_MCHECK_H 1
| #define HAVE_ALLOCA_H 1
| #define HAVE_SYS_MMAN_H 1
| #define HAVE_NETINET_TCP_H 1
| #define HAVE_SYS_USER_H 1
| #define HAVE_SA_FAMILY_T 1
| #define HAVE_SOCKLEN_T 1
| #define HAVE_IN_PORT_T 1
| #define HAVE_IN_ADDR_T 1
| #define HAVE_IFR_DSTADDR 1
| #define HAVE_CONNECT 1
| #define HAVE_SETSID 1
| #define HAVE_FLOCK 1
| #define HAVE_LOCKF 1
| #define HAVE_HSTRERROR 1
| #define HAVE_STRERROR 1
| #define HAVE_SETUID 1
| #define HAVE_SETREUID 1
| #define HAVE_GETUID 1
| #define HAVE_GETEUID 1
| #define HAVE_MCHECK 1
| #define HAVE_WAIT4 1
| #define HAVE_WAIT3 1
| #define HAVE_WAITPID 1
| #define HAVE_SETGROUPS 1
| #define HAVE_GETCWD 1
| #define HAVE_SNPRINTF 1
| #define HAVE_VSNPRINTF 1
| #define HAVE_VASPRINTF 1
| #define HAVE_ASPRINTF 1
| #define HAVE_GETCWD 1
| #define HAVE_GETWD 1
| #define HAVE_GETRUSAGE 1
| #define HAVE_STRSIGNAL 1
| #define HAVE_GETTIMEOFDAY 1
| #define HAVE_GETADDRINFO 1
| #define HAVE_GETNAMEINFO 1
| #define HAVE_INET_NTOP 1
| #define HAVE_INET_NTOA 1
| #define HAVE_STRNDUP 1
| #define HAVE_MMAP 1
| #define HAVE_GETLOADAVG 1
| #define HAVE_DECL_SNPRINTF 1
| #define HAVE_DECL_VSNPRINTF 1
| #define HAVE_DECL_VASPRINTF 1
| #define HAVE_DECL_ASPRINTF 1
| #define HAVE_DECL_STRNDUP 1
| /* end confdefs.h.  */
| #include <clang/AST/RecursiveASTVisitor.h>
configure:17417: result: no
configure:17417: checking for clang/AST/RecursiveASTVisitor.h
configure:17417: result: no
configure:17446: checking for clang
configure:17476: result: no
configure:17516: checking for gcc
configure:17532: found /usr/bin/gcc
configure:17543: result: gcc
configure:17552: checking for gcc -fdiagnostics-show-caret
configure:17556: result: yes
configure:17701: checking that generated files are newer than configure
configure:17707: result: done
configure:17738: creating ./config.status

## ---------------------- ##
## Running config.status. ##
## ---------------------- ##

This file was extended by icecc config.status 1.1rc3, which was
generated by GNU Autoconf 2.69.  Invocation command line was

  CONFIG_FILES    = 
  CONFIG_HEADERS  = 
  CONFIG_LINKS    = 
  CONFIG_COMMANDS = 
  $ ./config.status 

on linux-HP-72

config.status:1240: creating Makefile
config.status:1240: creating client/Makefile
config.status:1240: creating daemon/Makefile
config.status:1240: creating doc/Makefile
config.status:1240: creating services/Makefile
config.status:1240: creating services/icecc.pc
config.status:1240: creating suse/Makefile
config.status:1240: creating compilerwrapper/Makefile
config.status:1240: creating scheduler/Makefile
config.status:1240: creating tests/Makefile
config.status:1240: creating client/icecc-create-env
config.status:1240: creating suse/icecream.spec
config.status:1240: creating config.h
config.status:1469: executing depfiles commands
config.status:1469: executing libtool commands
configure:20309: checking that generated files are newer than configure
configure:20315: result: done
configure:20350: creating ./config.status

## ---------------------- ##
## Running config.status. ##
## ---------------------- ##

This file was extended by icecc config.status 1.1rc3, which was
generated by GNU Autoconf 2.69.  Invocation command line was

  CONFIG_FILES    = 
  CONFIG_HEADERS  = 
  CONFIG_LINKS    = 
  CONFIG_COMMANDS = 
  $ ./config.status 

on linux-HP-72

config.status:1243: creating Makefile
config.status:1243: creating client/Makefile
config.status:1243: creating daemon/Makefile
config.status:1243: creating doc/Makefile
config.status:1243: creating services/Makefile
config.status:1243: creating services/icecc.pc
config.status:1243: creating suse/Makefile
config.status:1243: creating compilerwrapper/Makefile
config.status:1243: creating scheduler/Makefile
config.status:1243: creating tests/Makefile
config.status:1243: creating client/icecc-create-env
config.status:1243: creating suse/icecream.spec
config.status:1243: creating config.h
config.status:1472: executing depfiles commands
config.status:1472: executing libtool commands

## ---------------- ##
## Cache variables. ##
## ---------------- ##

ac_cv_build=x86_64-pc-linux-gnu
ac_cv_c_compiler_gnu=yes
ac_cv_c_inline=inline
ac_cv_cxx_compiler_gnu=yes
ac_cv_env_CCC_set=
ac_cv_env_CCC_value=
ac_cv_env_CC_set=
ac_cv_env_CC_value=
ac_cv_env_CFLAGS_set=
ac_cv_env_CFLAGS_value=
ac_cv_env_CPPFLAGS_set=
ac_cv_env_CPPFLAGS_value=
ac_cv_env_CPP_set=
ac_cv_env_CPP_value=
ac_cv_env_CXXCPP_set=
ac_cv_env_CXXCPP_value=
ac_cv_env_CXXFLAGS_set=
ac_cv_env_CXXFLAGS_value=
ac_cv_env_CXX_set=
ac_cv_env_CXX_value=
ac_cv_env_LDFLAGS_set=
ac_cv_env_LDFLAGS_value=
ac_cv_env_LIBS_set=
ac_cv_env_LIBS_value=
ac_cv_env_LT_SYS_LIBRARY_PATH_set=
ac_cv_env_LT_SYS_LIBRARY_PATH_value=
ac_cv_env_TAR_set=
ac_cv_env_TAR_value=
ac_cv_env_build_alias_set=
ac_cv_env_build_alias_value=
ac_cv_env_host_alias_set=
ac_cv_env_host_alias_value=
ac_cv_env_target_alias_set=
ac_cv_env_target_alias_value=
ac_cv_func_asprintf=yes
ac_cv_func_connect=yes
ac_cv_func_flock=yes
ac_cv_func_getaddrinfo=yes
ac_cv_func_getcwd=yes
ac_cv_func_geteuid=yes
ac_cv_func_getloadavg=yes
ac_cv_func_getnameinfo=yes
ac_cv_func_getrusage=yes
ac_cv_func_gettimeofday=yes
ac_cv_func_getuid=yes
ac_cv_func_getwd=yes
ac_cv_func_hstrerror=yes
ac_cv_func_inet_ntoa=yes
ac_cv_func_inet_ntop=yes
ac_cv_func_lockf=yes
ac_cv_func_mcheck=yes
ac_cv_func_mmap=yes
ac_cv_func_setgroups=yes
ac_cv_func_setreuid=yes
ac_cv_func_setsid=yes
ac_cv_func_setuid=yes
ac_cv_func_snprintf=yes
ac_cv_func_strerror=yes
ac_cv_func_strlcpy=no
ac_cv_func_strndup=yes
ac_cv_func_strsignal=yes
ac_cv_func_vasprintf=yes
ac_cv_func_vsnprintf=yes
ac_cv_func_wait3=yes
ac_cv_func_wait4=yes
ac_cv_func_waitpid=yes
ac_cv_have_decl_asprintf=yes
ac_cv_have_decl_snprintf=yes
ac_cv_have_decl_strndup=yes
ac_cv_have_decl_vasprintf=yes
ac_cv_have_decl_vsnprintf=yes
ac_cv_header_alloca_h=yes
ac_cv_header_arpa_nameser_h=yes
ac_cv_header_cap_ng_h=yes
ac_cv_header_clang_AST_RecursiveASTVisitor_h=no
ac_cv_header_ctype_h=yes
ac_cv_header_devstat_h=no
ac_cv_header_dlfcn_h=yes
ac_cv_header_float_h=yes
ac_cv_header_ifaddrs_h=yes
ac_cv_header_inttypes_h=yes
ac_cv_header_kinfo_h=no
ac_cv_header_mach_host_info_h=no
ac_cv_header_mcheck_h=yes
ac_cv_header_memory_h=yes
ac_cv_header_netinet_in_h=yes
ac_cv_header_netinet_tcp_h=yes
ac_cv_header_netinet_tcp_var_h=no
ac_cv_header_resolv_h=yes
ac_cv_header_signal_h=yes
ac_cv_header_stdc=yes
ac_cv_header_stdint_h=yes
ac_cv_header_stdlib_h=yes
ac_cv_header_string_h=yes
ac_cv_header_strings_h=yes
ac_cv_header_sys_mman_h=yes
ac_cv_header_sys_param_h=yes
ac_cv_header_sys_resource_h=yes
ac_cv_header_sys_select_h=yes
ac_cv_header_sys_signal_h=yes
ac_cv_header_sys_socket_h=yes
ac_cv_header_sys_socketvar_h=yes
ac_cv_header_sys_stat_h=yes
ac_cv_header_sys_types_h=yes
ac_cv_header_sys_user_h=yes
ac_cv_header_sys_vfs_h=yes
ac_cv_header_unistd_h=yes
ac_cv_host=x86_64-pc-linux-gnu
ac_cv_lib_cap_ng_capng_clear=yes
ac_cv_lib_dl_dlsym=yes
ac_cv_lib_lzo2_lzo1x_1_compress=yes
ac_cv_lib_resolv_hstrerror=no
ac_cv_lib_resolv_inet_aton=no
ac_cv_member_struct_ifreq_ifr_dstaddr=yes
ac_cv_objext=o
ac_cv_path_EGREP='/bin/grep -E'
ac_cv_path_FGREP='/bin/grep -F'
ac_cv_path_GREP=/bin/grep
ac_cv_path_SED=/bin/sed
ac_cv_path_TAR=/bin/tar
ac_cv_path_install='/usr/bin/install -c'
ac_cv_path_lt_DD=/bin/dd
ac_cv_path_mkdir=/bin/mkdir
ac_cv_prog_AWK=mawk
ac_cv_prog_CPP='gcc -E'
ac_cv_prog_CXXCPP='g++ -E'
ac_cv_prog_GCC_BIN=gcc
ac_cv_prog_ac_ct_AR=ar
ac_cv_prog_ac_ct_CC=gcc
ac_cv_prog_ac_ct_CXX=g++
ac_cv_prog_ac_ct_MANIFEST_TOOL=mt
ac_cv_prog_ac_ct_OBJDUMP=objdump
ac_cv_prog_ac_ct_RANLIB=ranlib
ac_cv_prog_ac_ct_STRIP=strip
ac_cv_prog_cc_c89=
ac_cv_prog_cc_g=yes
ac_cv_prog_cxx_g=yes
ac_cv_prog_make_make_set=yes
ac_cv_type_in_addr_t=yes
ac_cv_type_in_port_t=yes
ac_cv_type_sa_family_t=yes
ac_cv_type_socklen_t=yes
am_cv_CC_dependencies_compiler_type=gcc3
am_cv_CXX_dependencies_compiler_type=gcc3
am_cv_make_support_nested_variables=yes
am_cv_prog_cc_c_o=yes
lt_cv_ar_at_file=@
lt_cv_deplibs_check_method=pass_all
lt_cv_file_magic_cmd='$MAGIC_CMD'
lt_cv_file_magic_test_file=
lt_cv_ld_reload_flag=-r
lt_cv_nm_interface='BSD nm'
lt_cv_objdir=.libs
lt_cv_path_LD=/usr/bin/ld
lt_cv_path_LDCXX='/usr/bin/ld -m elf_x86_64'
lt_cv_path_NM='/usr/bin/nm -B'
lt_cv_path_mainfest_tool=no
lt_cv_prog_compiler_c_o=yes
lt_cv_prog_compiler_c_o_CXX=yes
lt_cv_prog_compiler_pic='-fPIC -DPIC'
lt_cv_prog_compiler_pic_CXX='-fPIC -DPIC'
lt_cv_prog_compiler_pic_works=yes
lt_cv_prog_compiler_pic_works_CXX=yes
lt_cv_prog_compiler_rtti_exceptions=no
lt_cv_prog_compiler_static_works=yes
lt_cv_prog_compiler_static_works_CXX=yes
lt_cv_prog_gnu_ld=yes
lt_cv_prog_gnu_ldcxx=yes
lt_cv_sharedlib_from_linklib_cmd='printf %s\n'
lt_cv_shlibpath_overrides_runpath=no
lt_cv_sys_global_symbol_pipe='sed -n -e '\''s/^.*[	 ]\([ABCDGIRSTW][ABCDGIRSTW]*\)[	 ][	 ]*\([_A-Za-z][_A-Za-z0-9]*\)$/\1 \2 \2/p'\'' | sed '\''/ __gnu_lto/d'\'''
lt_cv_sys_global_symbol_to_c_name_address='sed -n -e '\''s/^: \(.*\) .*$/  {"\1", (void *) 0},/p'\'' -e '\''s/^[ABCDGIRSTW][ABCDGIRSTW]* .* \(.*\)$/  {"\1", (void *) \&\1},/p'\'''
lt_cv_sys_global_symbol_to_c_name_address_lib_prefix='sed -n -e '\''s/^: \(.*\) .*$/  {"\1", (void *) 0},/p'\'' -e '\''s/^[ABCDGIRSTW][ABCDGIRSTW]* .* \(lib.*\)$/  {"\1", (void *) \&\1},/p'\'' -e '\''s/^[ABCDGIRSTW][ABCDGIRSTW]* .* \(.*\)$/  {"lib\1", (void *) \&\1},/p'\'''
lt_cv_sys_global_symbol_to_cdecl='sed -n -e '\''s/^T .* \(.*\)$/extern int \1();/p'\'' -e '\''s/^[ABCDGIRSTW][ABCDGIRSTW]* .* \(.*\)$/extern char \1;/p'\'''
lt_cv_sys_global_symbol_to_import=
lt_cv_sys_max_cmd_len=1572864
lt_cv_to_host_file_cmd=func_convert_file_noop
lt_cv_to_tool_file_cmd=func_convert_file_noop
lt_cv_truncate_bin='/bin/dd bs=4096 count=1'

## ----------------- ##
## Output variables. ##
## ----------------- ##

ACLOCAL='${SHELL} /home/linux/github/icecream-1.1rc3/missing aclocal-1.15'
AMDEPBACKSLASH='\'
AMDEP_FALSE='#'
AMDEP_TRUE=''
AMTAR='$${TAR-tar}'
AM_BACKSLASH='\'
AM_DEFAULT_V='$(AM_DEFAULT_VERBOSITY)'
AM_DEFAULT_VERBOSITY='0'
AM_V='$(V)'
AR='ar'
AUTOCONF='${SHELL} /home/linux/github/icecream-1.1rc3/missing autoconf'
AUTOHEADER='${SHELL} /home/linux/github/icecream-1.1rc3/missing autoheader'
AUTOMAKE='${SHELL} /home/linux/github/icecream-1.1rc3/missing automake-1.15'
AWK='mawk'
CAPNG_LDADD='-lcap-ng'
CC='gcc'
CCDEPMODE='depmode=gcc3'
CFLAGS='-g -W -Wall -Wshadow -Wpointer-arith -Wcast-align -Wwrite-strings -Waggregate-return -Wstrict-prototypes -Wmissing-prototypes -Wnested-externs -g -O2'
CLANG=''
CLANG_SYMLINK_WRAPPERS=''
CPP='gcc -E'
CPPFLAGS=''
CXX='g++'
CXXCPP='g++ -E'
CXXDEPMODE='depmode=gcc3'
CXXFLAGS=' -g -W -Wall -Wpointer-arith -Wcast-align  -Wwrite-strings -g -O2'
CYGPATH_W='echo'
DEFS='-DHAVE_CONFIG_H'
DEPDIR='.deps'
DLLTOOL='false'
DL_LDADD='-ldl'
DOCBOOK2X='echo docbook2x is missing. Install docbook2x package.'
DSYMUTIL=''
DUMPBIN=''
ECHO_C=''
ECHO_N='-n'
ECHO_T=''
EGREP='/bin/grep -E'
EXEEXT=''
FGREP='/bin/grep -F'
GCC_BIN='gcc'
GREP='/bin/grep'
HAVE_CLANG_DEVEL_DEP=''
INSTALL_DATA='${INSTALL} -m 644'
INSTALL_PROGRAM='${INSTALL}'
INSTALL_SCRIPT='${INSTALL}'
INSTALL_STRIP_PROGRAM='$(install_sh) -c -s'
LD='/usr/bin/ld -m elf_x86_64'
LDFLAGS=''
LIBOBJS=''
LIBS=''
LIBTOOL='$(SHELL) $(top_builddir)/libtool'
LIB_KINFO=''
LIPO=''
LN_S='ln -s'
LTLIBOBJS=''
LT_SYS_LIBRARY_PATH=''
LZO_LDADD='-llzo2'
MAKEINFO='${SHELL} /home/linux/github/icecream-1.1rc3/missing makeinfo'
MANIFEST_TOOL=':'
MKDIR_P='/bin/mkdir -p'
NM='/usr/bin/nm -B'
NMEDIT=''
OBJDUMP='objdump'
OBJEXT='o'
OTOOL64=''
OTOOL=''
PACKAGE='icecc'
PACKAGE_BUGREPORT=''
PACKAGE_NAME='icecc'
PACKAGE_STRING='icecc 1.1rc3'
PACKAGE_TARNAME='icecc'
PACKAGE_URL=''
PACKAGE_VERSION='1.1rc3'
PATH_SEPARATOR=':'
PKGLIBEXECDIR='/usr/local/libexec/icecc'
RANLIB='ranlib'
SED='/bin/sed'
SET_MAKE=''
SHELL='/bin/bash'
STRIP='strip'
TAR='/bin/tar'
VERSION='1.1rc3'
WITH_ICECREAM_MAN_FALSE='#'
WITH_ICECREAM_MAN_TRUE=''
ac_ct_AR='ar'
ac_ct_CC='gcc'
ac_ct_CXX='g++'
ac_ct_DUMPBIN=''
am__EXEEXT_FALSE=''
am__EXEEXT_TRUE='#'
am__fastdepCC_FALSE='#'
am__fastdepCC_TRUE=''
am__fastdepCXX_FALSE='#'
am__fastdepCXX_TRUE=''
am__include='include'
am__isrc=''
am__leading_dot='.'
am__nodep='_no'
am__quote=''
am__tar='$${TAR-tar} chof - "$$tardir"'
am__untar='$${TAR-tar} xf -'
bindir='${exec_prefix}/bin'
build='x86_64-pc-linux-gnu'
build_alias=''
build_cpu='x86_64'
build_os='linux-gnu'
build_vendor='pc'
datadir='${datarootdir}'
datarootdir='${prefix}/share'
docdir='${datarootdir}/doc/${PACKAGE_TARNAME}'
dvidir='${docdir}'
exec_prefix='${prefix}'
host='x86_64-pc-linux-gnu'
host_alias=''
host_cpu='x86_64'
host_os='linux-gnu'
host_vendor='pc'
htmldir='${docdir}'
includedir='${prefix}/include'
infodir='${datarootdir}/info'
install_sh='${SHELL} /home/linux/github/icecream-1.1rc3/install-sh'
libdir='${exec_prefix}/lib'
libexecdir='${exec_prefix}/libexec'
localedir='${datarootdir}/locale'
localstatedir='${prefix}/var'
mandir='${datarootdir}/man'
mkdir_p='$(MKDIR_P)'
oldincludedir='/usr/include'
pdfdir='${docdir}'
prefix='/usr/local'
program_transform_name='s,x,x,'
psdir='${docdir}'
runstatedir='${localstatedir}/run'
sbindir='${exec_prefix}/sbin'
sharedstatedir='${prefix}/com'
sysconfdir='${prefix}/etc'
target_alias=''

## ----------- ##
## confdefs.h. ##
## ----------- ##

/* confdefs.h */
#define PACKAGE_NAME "icecc"
#define PACKAGE_TARNAME "icecc"
#define PACKAGE_VERSION "1.1rc3"
#define PACKAGE_STRING "icecc 1.1rc3"
#define PACKAGE_BUGREPORT ""
#define PACKAGE_URL ""
#define PACKAGE "icecc"
#define VERSION "1.1rc3"
#define STDC_HEADERS 1
#define HAVE_SYS_TYPES_H 1
#define HAVE_SYS_STAT_H 1
#define HAVE_STDLIB_H 1
#define HAVE_STRING_H 1
#define HAVE_MEMORY_H 1
#define HAVE_STRINGS_H 1
#define HAVE_INTTYPES_H 1
#define HAVE_STDINT_H 1
#define HAVE_UNISTD_H 1
#define HAVE_DLFCN_H 1
#define LT_OBJDIR ".libs/"
#define HAVE_LIBCAP_NG 1
#define HAVE_UNISTD_H 1
#define HAVE_STDINT_H 1
#define HAVE_SIGNAL_H 1
#define HAVE_SYS_TYPES_H 1
#define HAVE_SYS_SIGNAL_H 1
#define HAVE_IFADDRS_H 1
#define HAVE_SYS_PARAM_H 1
#define HAVE_CTYPE_H 1
#define HAVE_SYS_RESOURCE_H 1
#define HAVE_SYS_SOCKET_H 1
#define HAVE_SYS_SOCKETVAR_H 1
#define HAVE_SYS_STAT_H 1
#define HAVE_SYS_SELECT_H 1
#define HAVE_SYS_VFS_H 1
#define HAVE_NETINET_IN_H 1
#define HAVE_ARPA_NAMESER_H 1
#define HAVE_RESOLV_H 1
#define TAR "/bin/tar"
#define HAVE_FLOAT_H 1
#define HAVE_MCHECK_H 1
#define HAVE_ALLOCA_H 1
#define HAVE_SYS_MMAN_H 1
#define HAVE_NETINET_TCP_H 1
#define HAVE_SYS_USER_H 1
#define HAVE_SA_FAMILY_T 1
#define HAVE_SOCKLEN_T 1
#define HAVE_IN_PORT_T 1
#define HAVE_IN_ADDR_T 1
#define HAVE_IFR_DSTADDR 1
#define HAVE_CONNECT 1
#define HAVE_SETSID 1
#define HAVE_FLOCK 1
#define HAVE_LOCKF 1
#define HAVE_HSTRERROR 1
#define HAVE_STRERROR 1
#define HAVE_SETUID 1
#define HAVE_SETREUID 1
#define HAVE_GETUID 1
#define HAVE_GETEUID 1
#define HAVE_MCHECK 1
#define HAVE_WAIT4 1
#define HAVE_WAIT3 1
#define HAVE_WAITPID 1
#define HAVE_SETGROUPS 1
#define HAVE_GETCWD 1
#define HAVE_SNPRINTF 1
#define HAVE_VSNPRINTF 1
#define HAVE_VASPRINTF 1
#define HAVE_ASPRINTF 1
#define HAVE_GETCWD 1
#define HAVE_GETWD 1
#define HAVE_GETRUSAGE 1
#define HAVE_STRSIGNAL 1
#define HAVE_GETTIMEOFDAY 1
#define HAVE_GETADDRINFO 1
#define HAVE_GETNAMEINFO 1
#define HAVE_INET_NTOP 1
#define HAVE_INET_NTOA 1
#define HAVE_STRNDUP 1
#define HAVE_MMAP 1
#define HAVE_GETLOADAVG 1
#define HAVE_DECL_SNPRINTF 1
#define HAVE_DECL_VSNPRINTF 1
#define HAVE_DECL_VASPRINTF 1
#define HAVE_DECL_ASPRINTF 1
#define HAVE_DECL_STRNDUP 1
#define HAVE_GCC_SHOW_CARET 1
#define BINDIR "/usr/local/bin"
#define RUNDIR "/usr/local/var/run"

configure: exit 0
